[ Network.net-l2-mm ]
Transfers = 3032
AverageMessageSize = 40.00
TransferredBytes = 121280
AverageLatency = 23.6969
Cycles = 127627

[ Network.net-l2-mm.Link.link_sw0_n0 ]
Name = sw0-n0
SourceBuffers = sw0:out_buf_0 
DestinationBuffers = n0:in_buf_0 
Bandwidth = 24
TransferredPackets = 1516
TransferredBytes = 109152
BusyCycles = 4548
BytesPerCycle = 0.8552
Utilization = 0.0356

[ Network.net-l2-mm.Link.link_n0_sw0 ]
Name = sw0-n0
SourceBuffers = n0:out_buf_0 
DestinationBuffers = sw0:in_buf_0 
Bandwidth = 24
TransferredPackets = 1516
TransferredBytes = 12128
BusyCycles = 1516
BytesPerCycle = 0.0950
Utilization = 0.0040

[ Network.net-l2-mm.Link.link_sw1_n1 ]
Name = sw1-n1
SourceBuffers = sw1:out_buf_0 
DestinationBuffers = n1:in_buf_0 
Bandwidth = 24
TransferredPackets = 0
TransferredBytes = 0
BusyCycles = 0
BytesPerCycle = 0.0000
Utilization = 0.0000

[ Network.net-l2-mm.Link.link_n1_sw1 ]
Name = sw1-n1
SourceBuffers = n1:out_buf_0 
DestinationBuffers = sw1:in_buf_0 
Bandwidth = 24
TransferredPackets = 0
TransferredBytes = 0
BusyCycles = 0
BytesPerCycle = 0.0000
Utilization = 0.0000

[ Network.net-l2-mm.Link.link_sw2_n2 ]
Name = sw2-n2
SourceBuffers = sw2:out_buf_0 
DestinationBuffers = n2:in_buf_0 
Bandwidth = 24
TransferredPackets = 0
TransferredBytes = 0
BusyCycles = 0
BytesPerCycle = 0.0000
Utilization = 0.0000

[ Network.net-l2-mm.Link.link_n2_sw2 ]
Name = sw2-n2
SourceBuffers = n2:out_buf_0 
DestinationBuffers = sw2:in_buf_0 
Bandwidth = 24
TransferredPackets = 0
TransferredBytes = 0
BusyCycles = 0
BytesPerCycle = 0.0000
Utilization = 0.0000

[ Network.net-l2-mm.Link.link_sw3_n3 ]
Name = sw3-n3
SourceBuffers = sw3:out_buf_0 
DestinationBuffers = n3:in_buf_0 
Bandwidth = 24
TransferredPackets = 0
TransferredBytes = 0
BusyCycles = 0
BytesPerCycle = 0.0000
Utilization = 0.0000

[ Network.net-l2-mm.Link.link_n3_sw3 ]
Name = sw3-n3
SourceBuffers = n3:out_buf_0 
DestinationBuffers = sw3:in_buf_0 
Bandwidth = 24
TransferredPackets = 0
TransferredBytes = 0
BusyCycles = 0
BytesPerCycle = 0.0000
Utilization = 0.0000

[ Network.net-l2-mm.Link.link_sw4_n4 ]
Name = sw4-n4
SourceBuffers = sw4:out_buf_0 
DestinationBuffers = n4:in_buf_0 
Bandwidth = 24
TransferredPackets = 0
TransferredBytes = 0
BusyCycles = 0
BytesPerCycle = 0.0000
Utilization = 0.0000

[ Network.net-l2-mm.Link.link_n4_sw4 ]
Name = sw4-n4
SourceBuffers = n4:out_buf_0 
DestinationBuffers = sw4:in_buf_0 
Bandwidth = 24
TransferredPackets = 0
TransferredBytes = 0
BusyCycles = 0
BytesPerCycle = 0.0000
Utilization = 0.0000

[ Network.net-l2-mm.Link.link_sw5_n5 ]
Name = sw5-n5
SourceBuffers = sw5:out_buf_0 
DestinationBuffers = n5:in_buf_0 
Bandwidth = 24
TransferredPackets = 0
TransferredBytes = 0
BusyCycles = 0
BytesPerCycle = 0.0000
Utilization = 0.0000

[ Network.net-l2-mm.Link.link_n5_sw5 ]
Name = sw5-n5
SourceBuffers = n5:out_buf_0 
DestinationBuffers = sw5:in_buf_0 
Bandwidth = 24
TransferredPackets = 0
TransferredBytes = 0
BusyCycles = 0
BytesPerCycle = 0.0000
Utilization = 0.0000

[ Network.net-l2-mm.Link.link_sw6_n6 ]
Name = sw6-n6
SourceBuffers = sw6:out_buf_0 
DestinationBuffers = n6:in_buf_0 
Bandwidth = 24
TransferredPackets = 0
TransferredBytes = 0
BusyCycles = 0
BytesPerCycle = 0.0000
Utilization = 0.0000

[ Network.net-l2-mm.Link.link_n6_sw6 ]
Name = sw6-n6
SourceBuffers = n6:out_buf_0 
DestinationBuffers = sw6:in_buf_0 
Bandwidth = 24
TransferredPackets = 0
TransferredBytes = 0
BusyCycles = 0
BytesPerCycle = 0.0000
Utilization = 0.0000

[ Network.net-l2-mm.Link.link_sw7_n7 ]
Name = sw7-n7
SourceBuffers = sw7:out_buf_0 
DestinationBuffers = n7:in_buf_0 
Bandwidth = 24
TransferredPackets = 0
TransferredBytes = 0
BusyCycles = 0
BytesPerCycle = 0.0000
Utilization = 0.0000

[ Network.net-l2-mm.Link.link_n7_sw7 ]
Name = sw7-n7
SourceBuffers = n7:out_buf_0 
DestinationBuffers = sw7:in_buf_0 
Bandwidth = 24
TransferredPackets = 0
TransferredBytes = 0
BusyCycles = 0
BytesPerCycle = 0.0000
Utilization = 0.0000

[ Network.net-l2-mm.Link.link_sw8_n8 ]
Name = sw8-n8
SourceBuffers = sw8:out_buf_0 
DestinationBuffers = n8:in_buf_0 
Bandwidth = 24
TransferredPackets = 0
TransferredBytes = 0
BusyCycles = 0
BytesPerCycle = 0.0000
Utilization = 0.0000

[ Network.net-l2-mm.Link.link_n8_sw8 ]
Name = sw8-n8
SourceBuffers = n8:out_buf_0 
DestinationBuffers = sw8:in_buf_0 
Bandwidth = 24
TransferredPackets = 0
TransferredBytes = 0
BusyCycles = 0
BytesPerCycle = 0.0000
Utilization = 0.0000

[ Network.net-l2-mm.Link.link_sw9_n9 ]
Name = sw9-n9
SourceBuffers = sw9:out_buf_0 
DestinationBuffers = n9:in_buf_0 
Bandwidth = 24
TransferredPackets = 0
TransferredBytes = 0
BusyCycles = 0
BytesPerCycle = 0.0000
Utilization = 0.0000

[ Network.net-l2-mm.Link.link_n9_sw9 ]
Name = sw9-n9
SourceBuffers = n9:out_buf_0 
DestinationBuffers = sw9:in_buf_0 
Bandwidth = 24
TransferredPackets = 0
TransferredBytes = 0
BusyCycles = 0
BytesPerCycle = 0.0000
Utilization = 0.0000

[ Network.net-l2-mm.Link.link_sw10_n10 ]
Name = sw10-n10
SourceBuffers = sw10:out_buf_0 
DestinationBuffers = n10:in_buf_0 
Bandwidth = 24
TransferredPackets = 0
TransferredBytes = 0
BusyCycles = 0
BytesPerCycle = 0.0000
Utilization = 0.0000

[ Network.net-l2-mm.Link.link_n10_sw10 ]
Name = sw10-n10
SourceBuffers = n10:out_buf_0 
DestinationBuffers = sw10:in_buf_0 
Bandwidth = 24
TransferredPackets = 0
TransferredBytes = 0
BusyCycles = 0
BytesPerCycle = 0.0000
Utilization = 0.0000

[ Network.net-l2-mm.Link.link_sw11_n11 ]
Name = sw11-n11
SourceBuffers = sw11:out_buf_0 
DestinationBuffers = n11:in_buf_0 
Bandwidth = 24
TransferredPackets = 0
TransferredBytes = 0
BusyCycles = 0
BytesPerCycle = 0.0000
Utilization = 0.0000

[ Network.net-l2-mm.Link.link_n11_sw11 ]
Name = sw11-n11
SourceBuffers = n11:out_buf_0 
DestinationBuffers = sw11:in_buf_0 
Bandwidth = 24
TransferredPackets = 0
TransferredBytes = 0
BusyCycles = 0
BytesPerCycle = 0.0000
Utilization = 0.0000

[ Network.net-l2-mm.Link.link_sw12_n12 ]
Name = sw12-n12
SourceBuffers = sw12:out_buf_0 
DestinationBuffers = n12:in_buf_0 
Bandwidth = 24
TransferredPackets = 377
TransferredBytes = 3016
BusyCycles = 377
BytesPerCycle = 0.0236
Utilization = 0.0010

[ Network.net-l2-mm.Link.link_n12_sw12 ]
Name = sw12-n12
SourceBuffers = n12:out_buf_0 
DestinationBuffers = sw12:in_buf_0 
Bandwidth = 24
TransferredPackets = 377
TransferredBytes = 27144
BusyCycles = 1131
BytesPerCycle = 0.2127
Utilization = 0.0089

[ Network.net-l2-mm.Link.link_sw13_n13 ]
Name = sw13-n13
SourceBuffers = sw13:out_buf_0 
DestinationBuffers = n13:in_buf_0 
Bandwidth = 24
TransferredPackets = 377
TransferredBytes = 3016
BusyCycles = 377
BytesPerCycle = 0.0236
Utilization = 0.0010

[ Network.net-l2-mm.Link.link_n13_sw13 ]
Name = sw13-n13
SourceBuffers = n13:out_buf_0 
DestinationBuffers = sw13:in_buf_0 
Bandwidth = 24
TransferredPackets = 377
TransferredBytes = 27144
BusyCycles = 1131
BytesPerCycle = 0.2127
Utilization = 0.0089

[ Network.net-l2-mm.Link.link_sw14_n14 ]
Name = sw14-n14
SourceBuffers = sw14:out_buf_0 
DestinationBuffers = n14:in_buf_0 
Bandwidth = 24
TransferredPackets = 378
TransferredBytes = 3024
BusyCycles = 378
BytesPerCycle = 0.0237
Utilization = 0.0010

[ Network.net-l2-mm.Link.link_n14_sw14 ]
Name = sw14-n14
SourceBuffers = n14:out_buf_0 
DestinationBuffers = sw14:in_buf_0 
Bandwidth = 24
TransferredPackets = 378
TransferredBytes = 27216
BusyCycles = 1134
BytesPerCycle = 0.2132
Utilization = 0.0089

[ Network.net-l2-mm.Link.link_sw15_n15 ]
Name = sw15-n15
SourceBuffers = sw15:out_buf_0 
DestinationBuffers = n15:in_buf_0 
Bandwidth = 24
TransferredPackets = 384
TransferredBytes = 3072
BusyCycles = 384
BytesPerCycle = 0.0241
Utilization = 0.0010

[ Network.net-l2-mm.Link.link_n15_sw15 ]
Name = sw15-n15
SourceBuffers = n15:out_buf_0 
DestinationBuffers = sw15:in_buf_0 
Bandwidth = 24
TransferredPackets = 384
TransferredBytes = 27648
BusyCycles = 1152
BytesPerCycle = 0.2166
Utilization = 0.0090

[ Network.net-l2-mm.Link.link_sw0_sw8 ]
Name = sw0-sw8
SourceBuffers = sw0:out_buf_1 
DestinationBuffers = sw8:in_buf_1 
Bandwidth = 32
TransferredPackets = 377
TransferredBytes = 3016
BusyCycles = 377
BytesPerCycle = 0.0236
Utilization = 0.0007

[ Network.net-l2-mm.Link.link_sw8_sw0 ]
Name = sw0-sw8
SourceBuffers = sw8:out_buf_1 
DestinationBuffers = sw0:in_buf_1 
Bandwidth = 32
TransferredPackets = 377
TransferredBytes = 27144
BusyCycles = 1131
BytesPerCycle = 0.2127
Utilization = 0.0066

[ Network.net-l2-mm.Link.link_sw5_sw13 ]
Name = sw5-sw13
SourceBuffers = sw5:out_buf_1 
DestinationBuffers = sw13:in_buf_1 
Bandwidth = 32
TransferredPackets = 377
TransferredBytes = 3016
BusyCycles = 377
BytesPerCycle = 0.0236
Utilization = 0.0007

[ Network.net-l2-mm.Link.link_sw13_sw5 ]
Name = sw5-sw13
SourceBuffers = sw13:out_buf_1 
DestinationBuffers = sw5:in_buf_1 
Bandwidth = 32
TransferredPackets = 377
TransferredBytes = 27144
BusyCycles = 1131
BytesPerCycle = 0.2127
Utilization = 0.0066

[ Network.net-l2-mm.Link.link_sw6_sw14 ]
Name = sw6-sw14
SourceBuffers = sw6:out_buf_1 
DestinationBuffers = sw14:in_buf_1 
Bandwidth = 32
TransferredPackets = 378
TransferredBytes = 3024
BusyCycles = 378
BytesPerCycle = 0.0237
Utilization = 0.0007

[ Network.net-l2-mm.Link.link_sw14_sw6 ]
Name = sw6-sw14
SourceBuffers = sw14:out_buf_1 
DestinationBuffers = sw6:in_buf_1 
Bandwidth = 32
TransferredPackets = 378
TransferredBytes = 27216
BusyCycles = 1134
BytesPerCycle = 0.2132
Utilization = 0.0067

[ Network.net-l2-mm.Link.link_sw7_sw15 ]
Name = sw7-sw15
SourceBuffers = sw7:out_buf_1 
DestinationBuffers = sw15:in_buf_1 
Bandwidth = 32
TransferredPackets = 384
TransferredBytes = 3072
BusyCycles = 384
BytesPerCycle = 0.0241
Utilization = 0.0008

[ Network.net-l2-mm.Link.link_sw15_sw7 ]
Name = sw7-sw15
SourceBuffers = sw15:out_buf_1 
DestinationBuffers = sw7:in_buf_1 
Bandwidth = 32
TransferredPackets = 384
TransferredBytes = 27648
BusyCycles = 1152
BytesPerCycle = 0.2166
Utilization = 0.0068

[ Network.net-l2-mm.Link.link_sw0_sw1 ]
Name = sw0-sw1
SourceBuffers = sw0:out_buf_2 
DestinationBuffers = sw1:in_buf_1 
Bandwidth = 16
TransferredPackets = 1139
TransferredBytes = 9112
BusyCycles = 1139
BytesPerCycle = 0.0714
Utilization = 0.0045

[ Network.net-l2-mm.Link.link_sw1_sw0 ]
Name = sw0-sw1
SourceBuffers = sw1:out_buf_1 
DestinationBuffers = sw0:in_buf_2 
Bandwidth = 16
TransferredPackets = 1139
TransferredBytes = 82008
BusyCycles = 5695
BytesPerCycle = 0.6426
Utilization = 0.0402

[ Network.net-l2-mm.Link.link_sw0_sw4 ]
Name = sw0-sw4
SourceBuffers = sw0:out_buf_3 
DestinationBuffers = sw4:in_buf_1 
Bandwidth = 16
TransferredPackets = 0
TransferredBytes = 0
BusyCycles = 0
BytesPerCycle = 0.0000
Utilization = 0.0000

[ Network.net-l2-mm.Link.link_sw4_sw0 ]
Name = sw0-sw4
SourceBuffers = sw4:out_buf_1 
DestinationBuffers = sw0:in_buf_3 
Bandwidth = 16
TransferredPackets = 0
TransferredBytes = 0
BusyCycles = 0
BytesPerCycle = 0.0000
Utilization = 0.0000

[ Network.net-l2-mm.Link.link_sw1_sw2 ]
Name = sw1-sw2
SourceBuffers = sw1:out_buf_2 
DestinationBuffers = sw2:in_buf_1 
Bandwidth = 16
TransferredPackets = 762
TransferredBytes = 6096
BusyCycles = 762
BytesPerCycle = 0.0478
Utilization = 0.0030

[ Network.net-l2-mm.Link.link_sw2_sw1 ]
Name = sw1-sw2
SourceBuffers = sw2:out_buf_1 
DestinationBuffers = sw1:in_buf_2 
Bandwidth = 16
TransferredPackets = 762
TransferredBytes = 54864
BusyCycles = 3810
BytesPerCycle = 0.4299
Utilization = 0.0269

[ Network.net-l2-mm.Link.link_sw1_sw5 ]
Name = sw1-sw5
SourceBuffers = sw1:out_buf_3 
DestinationBuffers = sw5:in_buf_2 
Bandwidth = 16
TransferredPackets = 377
TransferredBytes = 3016
BusyCycles = 377
BytesPerCycle = 0.0236
Utilization = 0.0015

[ Network.net-l2-mm.Link.link_sw5_sw1 ]
Name = sw1-sw5
SourceBuffers = sw5:out_buf_2 
DestinationBuffers = sw1:in_buf_3 
Bandwidth = 16
TransferredPackets = 377
TransferredBytes = 27144
BusyCycles = 1885
BytesPerCycle = 0.2127
Utilization = 0.0133

[ Network.net-l2-mm.Link.link_sw2_sw3 ]
Name = sw2-sw3
SourceBuffers = sw2:out_buf_2 
DestinationBuffers = sw3:in_buf_1 
Bandwidth = 16
TransferredPackets = 384
TransferredBytes = 3072
BusyCycles = 384
BytesPerCycle = 0.0241
Utilization = 0.0015

[ Network.net-l2-mm.Link.link_sw3_sw2 ]
Name = sw2-sw3
SourceBuffers = sw3:out_buf_1 
DestinationBuffers = sw2:in_buf_2 
Bandwidth = 16
TransferredPackets = 384
TransferredBytes = 27648
BusyCycles = 1920
BytesPerCycle = 0.2166
Utilization = 0.0135

[ Network.net-l2-mm.Link.link_sw2_sw6 ]
Name = sw2-sw6
SourceBuffers = sw2:out_buf_3 
DestinationBuffers = sw6:in_buf_2 
Bandwidth = 16
TransferredPackets = 378
TransferredBytes = 3024
BusyCycles = 378
BytesPerCycle = 0.0237
Utilization = 0.0015

[ Network.net-l2-mm.Link.link_sw6_sw2 ]
Name = sw2-sw6
SourceBuffers = sw6:out_buf_2 
DestinationBuffers = sw2:in_buf_3 
Bandwidth = 16
TransferredPackets = 378
TransferredBytes = 27216
BusyCycles = 1890
BytesPerCycle = 0.2132
Utilization = 0.0133

[ Network.net-l2-mm.Link.link_sw3_sw7 ]
Name = sw3-sw7
SourceBuffers = sw3:out_buf_2 
DestinationBuffers = sw7:in_buf_2 
Bandwidth = 16
TransferredPackets = 384
TransferredBytes = 3072
BusyCycles = 384
BytesPerCycle = 0.0241
Utilization = 0.0015

[ Network.net-l2-mm.Link.link_sw7_sw3 ]
Name = sw3-sw7
SourceBuffers = sw7:out_buf_2 
DestinationBuffers = sw3:in_buf_2 
Bandwidth = 16
TransferredPackets = 384
TransferredBytes = 27648
BusyCycles = 1920
BytesPerCycle = 0.2166
Utilization = 0.0135

[ Network.net-l2-mm.Link.link_sw4_sw5 ]
Name = sw4-sw5
SourceBuffers = sw4:out_buf_2 
DestinationBuffers = sw5:in_buf_3 
Bandwidth = 16
TransferredPackets = 0
TransferredBytes = 0
BusyCycles = 0
BytesPerCycle = 0.0000
Utilization = 0.0000

[ Network.net-l2-mm.Link.link_sw5_sw4 ]
Name = sw4-sw5
SourceBuffers = sw5:out_buf_3 
DestinationBuffers = sw4:in_buf_2 
Bandwidth = 16
TransferredPackets = 0
TransferredBytes = 0
BusyCycles = 0
BytesPerCycle = 0.0000
Utilization = 0.0000

[ Network.net-l2-mm.Link.link_sw5_sw6 ]
Name = sw5-sw6
SourceBuffers = sw5:out_buf_4 
DestinationBuffers = sw6:in_buf_3 
Bandwidth = 16
TransferredPackets = 0
TransferredBytes = 0
BusyCycles = 0
BytesPerCycle = 0.0000
Utilization = 0.0000

[ Network.net-l2-mm.Link.link_sw6_sw5 ]
Name = sw5-sw6
SourceBuffers = sw6:out_buf_3 
DestinationBuffers = sw5:in_buf_4 
Bandwidth = 16
TransferredPackets = 0
TransferredBytes = 0
BusyCycles = 0
BytesPerCycle = 0.0000
Utilization = 0.0000

[ Network.net-l2-mm.Link.link_sw6_sw7 ]
Name = sw6-sw7
SourceBuffers = sw6:out_buf_4 
DestinationBuffers = sw7:in_buf_3 
Bandwidth = 16
TransferredPackets = 0
TransferredBytes = 0
BusyCycles = 0
BytesPerCycle = 0.0000
Utilization = 0.0000

[ Network.net-l2-mm.Link.link_sw7_sw6 ]
Name = sw6-sw7
SourceBuffers = sw7:out_buf_3 
DestinationBuffers = sw6:in_buf_4 
Bandwidth = 16
TransferredPackets = 0
TransferredBytes = 0
BusyCycles = 0
BytesPerCycle = 0.0000
Utilization = 0.0000

[ Network.net-l2-mm.Link.link_sw8_sw9 ]
Name = sw8-sw9
SourceBuffers = sw8:out_buf_2 
DestinationBuffers = sw9:in_buf_1 
Bandwidth = 16
TransferredPackets = 0
TransferredBytes = 0
BusyCycles = 0
BytesPerCycle = 0.0000
Utilization = 0.0000

[ Network.net-l2-mm.Link.link_sw9_sw8 ]
Name = sw8-sw9
SourceBuffers = sw9:out_buf_1 
DestinationBuffers = sw8:in_buf_2 
Bandwidth = 16
TransferredPackets = 0
TransferredBytes = 0
BusyCycles = 0
BytesPerCycle = 0.0000
Utilization = 0.0000

[ Network.net-l2-mm.Link.link_sw8_sw12 ]
Name = sw8-sw12
SourceBuffers = sw8:out_buf_3 
DestinationBuffers = sw12:in_buf_1 
Bandwidth = 16
TransferredPackets = 377
TransferredBytes = 3016
BusyCycles = 377
BytesPerCycle = 0.0236
Utilization = 0.0015

[ Network.net-l2-mm.Link.link_sw12_sw8 ]
Name = sw8-sw12
SourceBuffers = sw12:out_buf_1 
DestinationBuffers = sw8:in_buf_3 
Bandwidth = 16
TransferredPackets = 377
TransferredBytes = 27144
BusyCycles = 1885
BytesPerCycle = 0.2127
Utilization = 0.0133

[ Network.net-l2-mm.Link.link_sw9_sw10 ]
Name = sw9-sw10
SourceBuffers = sw9:out_buf_2 
DestinationBuffers = sw10:in_buf_1 
Bandwidth = 16
TransferredPackets = 0
TransferredBytes = 0
BusyCycles = 0
BytesPerCycle = 0.0000
Utilization = 0.0000

[ Network.net-l2-mm.Link.link_sw10_sw9 ]
Name = sw9-sw10
SourceBuffers = sw10:out_buf_1 
DestinationBuffers = sw9:in_buf_2 
Bandwidth = 16
TransferredPackets = 0
TransferredBytes = 0
BusyCycles = 0
BytesPerCycle = 0.0000
Utilization = 0.0000

[ Network.net-l2-mm.Link.link_sw9_sw13 ]
Name = sw9-sw13
SourceBuffers = sw9:out_buf_3 
DestinationBuffers = sw13:in_buf_2 
Bandwidth = 16
TransferredPackets = 0
TransferredBytes = 0
BusyCycles = 0
BytesPerCycle = 0.0000
Utilization = 0.0000

[ Network.net-l2-mm.Link.link_sw13_sw9 ]
Name = sw9-sw13
SourceBuffers = sw13:out_buf_2 
DestinationBuffers = sw9:in_buf_3 
Bandwidth = 16
TransferredPackets = 0
TransferredBytes = 0
BusyCycles = 0
BytesPerCycle = 0.0000
Utilization = 0.0000

[ Network.net-l2-mm.Link.link_sw10_sw11 ]
Name = sw10-sw11
SourceBuffers = sw10:out_buf_2 
DestinationBuffers = sw11:in_buf_1 
Bandwidth = 16
TransferredPackets = 0
TransferredBytes = 0
BusyCycles = 0
BytesPerCycle = 0.0000
Utilization = 0.0000

[ Network.net-l2-mm.Link.link_sw11_sw10 ]
Name = sw10-sw11
SourceBuffers = sw11:out_buf_1 
DestinationBuffers = sw10:in_buf_2 
Bandwidth = 16
TransferredPackets = 0
TransferredBytes = 0
BusyCycles = 0
BytesPerCycle = 0.0000
Utilization = 0.0000

[ Network.net-l2-mm.Link.link_sw10_sw14 ]
Name = sw10-sw14
SourceBuffers = sw10:out_buf_3 
DestinationBuffers = sw14:in_buf_2 
Bandwidth = 16
TransferredPackets = 0
TransferredBytes = 0
BusyCycles = 0
BytesPerCycle = 0.0000
Utilization = 0.0000

[ Network.net-l2-mm.Link.link_sw14_sw10 ]
Name = sw10-sw14
SourceBuffers = sw14:out_buf_2 
DestinationBuffers = sw10:in_buf_3 
Bandwidth = 16
TransferredPackets = 0
TransferredBytes = 0
BusyCycles = 0
BytesPerCycle = 0.0000
Utilization = 0.0000

[ Network.net-l2-mm.Link.link_sw11_sw15 ]
Name = sw11-sw15
SourceBuffers = sw11:out_buf_2 
DestinationBuffers = sw15:in_buf_2 
Bandwidth = 16
TransferredPackets = 0
TransferredBytes = 0
BusyCycles = 0
BytesPerCycle = 0.0000
Utilization = 0.0000

[ Network.net-l2-mm.Link.link_sw15_sw11 ]
Name = sw11-sw15
SourceBuffers = sw15:out_buf_2 
DestinationBuffers = sw11:in_buf_2 
Bandwidth = 16
TransferredPackets = 0
TransferredBytes = 0
BusyCycles = 0
BytesPerCycle = 0.0000
Utilization = 0.0000

[ Network.net-l2-mm.Link.link_sw12_sw13 ]
Name = sw12-sw13
SourceBuffers = sw12:out_buf_2 
DestinationBuffers = sw13:in_buf_3 
Bandwidth = 16
TransferredPackets = 0
TransferredBytes = 0
BusyCycles = 0
BytesPerCycle = 0.0000
Utilization = 0.0000

[ Network.net-l2-mm.Link.link_sw13_sw12 ]
Name = sw12-sw13
SourceBuffers = sw13:out_buf_3 
DestinationBuffers = sw12:in_buf_2 
Bandwidth = 16
TransferredPackets = 0
TransferredBytes = 0
BusyCycles = 0
BytesPerCycle = 0.0000
Utilization = 0.0000

[ Network.net-l2-mm.Link.link_sw13_sw14 ]
Name = sw13-sw14
SourceBuffers = sw13:out_buf_4 
DestinationBuffers = sw14:in_buf_3 
Bandwidth = 16
TransferredPackets = 0
TransferredBytes = 0
BusyCycles = 0
BytesPerCycle = 0.0000
Utilization = 0.0000

[ Network.net-l2-mm.Link.link_sw14_sw13 ]
Name = sw13-sw14
SourceBuffers = sw14:out_buf_3 
DestinationBuffers = sw13:in_buf_4 
Bandwidth = 16
TransferredPackets = 0
TransferredBytes = 0
BusyCycles = 0
BytesPerCycle = 0.0000
Utilization = 0.0000

[ Network.net-l2-mm.Link.link_sw14_sw15 ]
Name = sw14-sw15
SourceBuffers = sw14:out_buf_4 
DestinationBuffers = sw15:in_buf_3 
Bandwidth = 16
TransferredPackets = 0
TransferredBytes = 0
BusyCycles = 0
BytesPerCycle = 0.0000
Utilization = 0.0000

[ Network.net-l2-mm.Link.link_sw15_sw14 ]
Name = sw14-sw15
SourceBuffers = sw15:out_buf_3 
DestinationBuffers = sw14:in_buf_4 
Bandwidth = 16
TransferredPackets = 0
TransferredBytes = 0
BusyCycles = 0
BytesPerCycle = 0.0000
Utilization = 0.0000

[ Network.net-l2-mm.Node.sw0 ]
Bandwidth = 24
SentBytes = 121280
SentPackets = 3032
SendRate = 0.9503
ReceivedBytes = 121280
ReceivedPackets = 3032
ReceiveRate = 0.9503
in_buf_0.size = 384
in_buf_0.PacketOccupancy = 0.00
in_buf_0.ByteOccupancy = 8.00
in_buf_0.Utilization = 0.02
in_buf_1.size = 384
in_buf_1.PacketOccupancy = 0.00
in_buf_1.ByteOccupancy = 71.93
in_buf_1.Utilization = 0.19
in_buf_2.size = 384
in_buf_2.PacketOccupancy = 0.00
in_buf_2.ByteOccupancy = 71.93
in_buf_2.Utilization = 0.19
in_buf_3.size = 384
in_buf_3.PacketOccupancy = 0.00
in_buf_3.ByteOccupancy = 0.00
in_buf_3.Utilization = 0.00
out_buf_0.size = 384
out_buf_0.PacketOccupancy = 0.00
out_buf_0.ByteOccupancy = 71.94
out_buf_0.Utilization = 0.19
out_buf_1.size = 384
out_buf_1.PacketOccupancy = 0.00
out_buf_1.ByteOccupancy = 8.00
out_buf_1.Utilization = 0.02
out_buf_2.size = 384
out_buf_2.PacketOccupancy = 0.00
out_buf_2.ByteOccupancy = 8.00
out_buf_2.Utilization = 0.02
out_buf_3.size = 384
out_buf_3.PacketOccupancy = 0.00
out_buf_3.ByteOccupancy = 0.00
out_buf_3.Utilization = 0.00

[ Network.net-l2-mm.Node.sw1 ]
Bandwidth = 24
SentBytes = 91120
SentPackets = 2278
SendRate = 0.7140
ReceivedBytes = 91120
ReceivedPackets = 2278
ReceiveRate = 0.7140
in_buf_0.size = 384
in_buf_0.PacketOccupancy = 0.00
in_buf_0.ByteOccupancy = 0.00
in_buf_0.Utilization = 0.00
in_buf_1.size = 384
in_buf_1.PacketOccupancy = 0.00
in_buf_1.ByteOccupancy = 8.00
in_buf_1.Utilization = 0.02
in_buf_2.size = 384
in_buf_2.PacketOccupancy = 0.00
in_buf_2.ByteOccupancy = 71.84
in_buf_2.Utilization = 0.19
in_buf_3.size = 384
in_buf_3.PacketOccupancy = 0.00
in_buf_3.ByteOccupancy = 71.93
in_buf_3.Utilization = 0.19
out_buf_0.size = 384
out_buf_0.PacketOccupancy = 0.00
out_buf_0.ByteOccupancy = 0.00
out_buf_0.Utilization = 0.00
out_buf_1.size = 384
out_buf_1.PacketOccupancy = 0.00
out_buf_1.ByteOccupancy = 71.96
out_buf_1.Utilization = 0.19
out_buf_2.size = 384
out_buf_2.PacketOccupancy = 0.00
out_buf_2.ByteOccupancy = 7.99
out_buf_2.Utilization = 0.02
out_buf_3.size = 384
out_buf_3.PacketOccupancy = 0.00
out_buf_3.ByteOccupancy = 8.00
out_buf_3.Utilization = 0.02

[ Network.net-l2-mm.Node.sw2 ]
Bandwidth = 24
SentBytes = 60960
SentPackets = 1524
SendRate = 0.4776
ReceivedBytes = 60960
ReceivedPackets = 1524
ReceiveRate = 0.4776
in_buf_0.size = 384
in_buf_0.PacketOccupancy = 0.00
in_buf_0.ByteOccupancy = 0.00
in_buf_0.Utilization = 0.00
in_buf_1.size = 384
in_buf_1.PacketOccupancy = 0.00
in_buf_1.ByteOccupancy = 7.99
in_buf_1.Utilization = 0.02
in_buf_2.size = 384
in_buf_2.PacketOccupancy = 0.00
in_buf_2.ByteOccupancy = 71.83
in_buf_2.Utilization = 0.19
in_buf_3.size = 384
in_buf_3.PacketOccupancy = 0.00
in_buf_3.ByteOccupancy = 71.84
in_buf_3.Utilization = 0.19
out_buf_0.size = 384
out_buf_0.PacketOccupancy = 0.00
out_buf_0.ByteOccupancy = 0.00
out_buf_0.Utilization = 0.00
out_buf_1.size = 384
out_buf_1.PacketOccupancy = 0.00
out_buf_1.ByteOccupancy = 71.86
out_buf_1.Utilization = 0.19
out_buf_2.size = 384
out_buf_2.PacketOccupancy = 0.00
out_buf_2.ByteOccupancy = 7.99
out_buf_2.Utilization = 0.02
out_buf_3.size = 384
out_buf_3.PacketOccupancy = 0.00
out_buf_3.ByteOccupancy = 7.99
out_buf_3.Utilization = 0.02

[ Network.net-l2-mm.Node.sw3 ]
Bandwidth = 24
SentBytes = 30720
SentPackets = 768
SendRate = 0.2407
ReceivedBytes = 30720
ReceivedPackets = 768
ReceiveRate = 0.2407
in_buf_0.size = 384
in_buf_0.PacketOccupancy = 0.00
in_buf_0.ByteOccupancy = 0.00
in_buf_0.Utilization = 0.00
in_buf_1.size = 384
in_buf_1.PacketOccupancy = 0.00
in_buf_1.ByteOccupancy = 7.99
in_buf_1.Utilization = 0.02
in_buf_2.size = 384
in_buf_2.PacketOccupancy = 0.00
in_buf_2.ByteOccupancy = 71.83
in_buf_2.Utilization = 0.19
out_buf_0.size = 384
out_buf_0.PacketOccupancy = 0.00
out_buf_0.ByteOccupancy = 0.00
out_buf_0.Utilization = 0.00
out_buf_1.size = 384
out_buf_1.PacketOccupancy = 0.00
out_buf_1.ByteOccupancy = 71.83
out_buf_1.Utilization = 0.19
out_buf_2.size = 384
out_buf_2.PacketOccupancy = 0.00
out_buf_2.ByteOccupancy = 7.99
out_buf_2.Utilization = 0.02

[ Network.net-l2-mm.Node.sw4 ]
Bandwidth = 24
SentBytes = 0
SentPackets = 0
SendRate = 0.0000
ReceivedBytes = 0
ReceivedPackets = 0
ReceiveRate = 0.0000
in_buf_0.size = 384
in_buf_0.PacketOccupancy = 0.00
in_buf_0.ByteOccupancy = 0.00
in_buf_0.Utilization = 0.00
in_buf_1.size = 384
in_buf_1.PacketOccupancy = 0.00
in_buf_1.ByteOccupancy = 0.00
in_buf_1.Utilization = 0.00
in_buf_2.size = 384
in_buf_2.PacketOccupancy = 0.00
in_buf_2.ByteOccupancy = 0.00
in_buf_2.Utilization = 0.00
out_buf_0.size = 384
out_buf_0.PacketOccupancy = 0.00
out_buf_0.ByteOccupancy = 0.00
out_buf_0.Utilization = 0.00
out_buf_1.size = 384
out_buf_1.PacketOccupancy = 0.00
out_buf_1.ByteOccupancy = 0.00
out_buf_1.Utilization = 0.00
out_buf_2.size = 384
out_buf_2.PacketOccupancy = 0.00
out_buf_2.ByteOccupancy = 0.00
out_buf_2.Utilization = 0.00

[ Network.net-l2-mm.Node.sw5 ]
Bandwidth = 24
SentBytes = 30160
SentPackets = 754
SendRate = 0.2363
ReceivedBytes = 30160
ReceivedPackets = 754
ReceiveRate = 0.2363
in_buf_0.size = 384
in_buf_0.PacketOccupancy = 0.00
in_buf_0.ByteOccupancy = 0.00
in_buf_0.Utilization = 0.00
in_buf_1.size = 384
in_buf_1.PacketOccupancy = 0.00
in_buf_1.ByteOccupancy = 71.93
in_buf_1.Utilization = 0.19
in_buf_2.size = 384
in_buf_2.PacketOccupancy = 0.00
in_buf_2.ByteOccupancy = 8.00
in_buf_2.Utilization = 0.02
in_buf_3.size = 384
in_buf_3.PacketOccupancy = 0.00
in_buf_3.ByteOccupancy = 0.00
in_buf_3.Utilization = 0.00
in_buf_4.size = 384
in_buf_4.PacketOccupancy = 0.00
in_buf_4.ByteOccupancy = 0.00
in_buf_4.Utilization = 0.00
out_buf_0.size = 384
out_buf_0.PacketOccupancy = 0.00
out_buf_0.ByteOccupancy = 0.00
out_buf_0.Utilization = 0.00
out_buf_1.size = 384
out_buf_1.PacketOccupancy = 0.00
out_buf_1.ByteOccupancy = 8.00
out_buf_1.Utilization = 0.02
out_buf_2.size = 384
out_buf_2.PacketOccupancy = 0.00
out_buf_2.ByteOccupancy = 71.94
out_buf_2.Utilization = 0.19
out_buf_3.size = 384
out_buf_3.PacketOccupancy = 0.00
out_buf_3.ByteOccupancy = 0.00
out_buf_3.Utilization = 0.00
out_buf_4.size = 384
out_buf_4.PacketOccupancy = 0.00
out_buf_4.ByteOccupancy = 0.00
out_buf_4.Utilization = 0.00

[ Network.net-l2-mm.Node.sw6 ]
Bandwidth = 24
SentBytes = 30240
SentPackets = 756
SendRate = 0.2369
ReceivedBytes = 30240
ReceivedPackets = 756
ReceiveRate = 0.2369
in_buf_0.size = 384
in_buf_0.PacketOccupancy = 0.00
in_buf_0.ByteOccupancy = 0.00
in_buf_0.Utilization = 0.00
in_buf_1.size = 384
in_buf_1.PacketOccupancy = 0.00
in_buf_1.ByteOccupancy = 71.85
in_buf_1.Utilization = 0.19
in_buf_2.size = 384
in_buf_2.PacketOccupancy = 0.00
in_buf_2.ByteOccupancy = 7.99
in_buf_2.Utilization = 0.02
in_buf_3.size = 384
in_buf_3.PacketOccupancy = 0.00
in_buf_3.ByteOccupancy = 0.00
in_buf_3.Utilization = 0.00
in_buf_4.size = 384
in_buf_4.PacketOccupancy = 0.00
in_buf_4.ByteOccupancy = 0.00
in_buf_4.Utilization = 0.00
out_buf_0.size = 384
out_buf_0.PacketOccupancy = 0.00
out_buf_0.ByteOccupancy = 0.00
out_buf_0.Utilization = 0.00
out_buf_1.size = 384
out_buf_1.PacketOccupancy = 0.00
out_buf_1.ByteOccupancy = 7.99
out_buf_1.Utilization = 0.02
out_buf_2.size = 384
out_buf_2.PacketOccupancy = 0.00
out_buf_2.ByteOccupancy = 71.85
out_buf_2.Utilization = 0.19
out_buf_3.size = 384
out_buf_3.PacketOccupancy = 0.00
out_buf_3.ByteOccupancy = 0.00
out_buf_3.Utilization = 0.00
out_buf_4.size = 384
out_buf_4.PacketOccupancy = 0.00
out_buf_4.ByteOccupancy = 0.00
out_buf_4.Utilization = 0.00

[ Network.net-l2-mm.Node.sw7 ]
Bandwidth = 24
SentBytes = 30720
SentPackets = 768
SendRate = 0.2407
ReceivedBytes = 30720
ReceivedPackets = 768
ReceiveRate = 0.2407
in_buf_0.size = 384
in_buf_0.PacketOccupancy = 0.00
in_buf_0.ByteOccupancy = 0.00
in_buf_0.Utilization = 0.00
in_buf_1.size = 384
in_buf_1.PacketOccupancy = 0.00
in_buf_1.ByteOccupancy = 71.84
in_buf_1.Utilization = 0.19
in_buf_2.size = 384
in_buf_2.PacketOccupancy = 0.00
in_buf_2.ByteOccupancy = 7.99
in_buf_2.Utilization = 0.02
in_buf_3.size = 384
in_buf_3.PacketOccupancy = 0.00
in_buf_3.ByteOccupancy = 0.00
in_buf_3.Utilization = 0.00
out_buf_0.size = 384
out_buf_0.PacketOccupancy = 0.00
out_buf_0.ByteOccupancy = 0.00
out_buf_0.Utilization = 0.00
out_buf_1.size = 384
out_buf_1.PacketOccupancy = 0.00
out_buf_1.ByteOccupancy = 7.99
out_buf_1.Utilization = 0.02
out_buf_2.size = 384
out_buf_2.PacketOccupancy = 0.00
out_buf_2.ByteOccupancy = 71.85
out_buf_2.Utilization = 0.19
out_buf_3.size = 384
out_buf_3.PacketOccupancy = 0.00
out_buf_3.ByteOccupancy = 0.00
out_buf_3.Utilization = 0.00

[ Network.net-l2-mm.Node.sw8 ]
Bandwidth = 24
SentBytes = 30160
SentPackets = 754
SendRate = 0.2363
ReceivedBytes = 30160
ReceivedPackets = 754
ReceiveRate = 0.2363
in_buf_0.size = 384
in_buf_0.PacketOccupancy = 0.00
in_buf_0.ByteOccupancy = 0.00
in_buf_0.Utilization = 0.00
in_buf_1.size = 384
in_buf_1.PacketOccupancy = 0.00
in_buf_1.ByteOccupancy = 8.00
in_buf_1.Utilization = 0.02
in_buf_2.size = 384
in_buf_2.PacketOccupancy = 0.00
in_buf_2.ByteOccupancy = 0.00
in_buf_2.Utilization = 0.00
in_buf_3.size = 384
in_buf_3.PacketOccupancy = 0.00
in_buf_3.ByteOccupancy = 71.93
in_buf_3.Utilization = 0.19
out_buf_0.size = 384
out_buf_0.PacketOccupancy = 0.00
out_buf_0.ByteOccupancy = 0.00
out_buf_0.Utilization = 0.00
out_buf_1.size = 384
out_buf_1.PacketOccupancy = 0.00
out_buf_1.ByteOccupancy = 71.93
out_buf_1.Utilization = 0.19
out_buf_2.size = 384
out_buf_2.PacketOccupancy = 0.00
out_buf_2.ByteOccupancy = 0.00
out_buf_2.Utilization = 0.00
out_buf_3.size = 384
out_buf_3.PacketOccupancy = 0.00
out_buf_3.ByteOccupancy = 8.00
out_buf_3.Utilization = 0.02

[ Network.net-l2-mm.Node.sw9 ]
Bandwidth = 24
SentBytes = 0
SentPackets = 0
SendRate = 0.0000
ReceivedBytes = 0
ReceivedPackets = 0
ReceiveRate = 0.0000
in_buf_0.size = 384
in_buf_0.PacketOccupancy = 0.00
in_buf_0.ByteOccupancy = 0.00
in_buf_0.Utilization = 0.00
in_buf_1.size = 384
in_buf_1.PacketOccupancy = 0.00
in_buf_1.ByteOccupancy = 0.00
in_buf_1.Utilization = 0.00
in_buf_2.size = 384
in_buf_2.PacketOccupancy = 0.00
in_buf_2.ByteOccupancy = 0.00
in_buf_2.Utilization = 0.00
in_buf_3.size = 384
in_buf_3.PacketOccupancy = 0.00
in_buf_3.ByteOccupancy = 0.00
in_buf_3.Utilization = 0.00
out_buf_0.size = 384
out_buf_0.PacketOccupancy = 0.00
out_buf_0.ByteOccupancy = 0.00
out_buf_0.Utilization = 0.00
out_buf_1.size = 384
out_buf_1.PacketOccupancy = 0.00
out_buf_1.ByteOccupancy = 0.00
out_buf_1.Utilization = 0.00
out_buf_2.size = 384
out_buf_2.PacketOccupancy = 0.00
out_buf_2.ByteOccupancy = 0.00
out_buf_2.Utilization = 0.00
out_buf_3.size = 384
out_buf_3.PacketOccupancy = 0.00
out_buf_3.ByteOccupancy = 0.00
out_buf_3.Utilization = 0.00

[ Network.net-l2-mm.Node.sw10 ]
Bandwidth = 24
SentBytes = 0
SentPackets = 0
SendRate = 0.0000
ReceivedBytes = 0
ReceivedPackets = 0
ReceiveRate = 0.0000
in_buf_0.size = 384
in_buf_0.PacketOccupancy = 0.00
in_buf_0.ByteOccupancy = 0.00
in_buf_0.Utilization = 0.00
in_buf_1.size = 384
in_buf_1.PacketOccupancy = 0.00
in_buf_1.ByteOccupancy = 0.00
in_buf_1.Utilization = 0.00
in_buf_2.size = 384
in_buf_2.PacketOccupancy = 0.00
in_buf_2.ByteOccupancy = 0.00
in_buf_2.Utilization = 0.00
in_buf_3.size = 384
in_buf_3.PacketOccupancy = 0.00
in_buf_3.ByteOccupancy = 0.00
in_buf_3.Utilization = 0.00
out_buf_0.size = 384
out_buf_0.PacketOccupancy = 0.00
out_buf_0.ByteOccupancy = 0.00
out_buf_0.Utilization = 0.00
out_buf_1.size = 384
out_buf_1.PacketOccupancy = 0.00
out_buf_1.ByteOccupancy = 0.00
out_buf_1.Utilization = 0.00
out_buf_2.size = 384
out_buf_2.PacketOccupancy = 0.00
out_buf_2.ByteOccupancy = 0.00
out_buf_2.Utilization = 0.00
out_buf_3.size = 384
out_buf_3.PacketOccupancy = 0.00
out_buf_3.ByteOccupancy = 0.00
out_buf_3.Utilization = 0.00

[ Network.net-l2-mm.Node.sw11 ]
Bandwidth = 24
SentBytes = 0
SentPackets = 0
SendRate = 0.0000
ReceivedBytes = 0
ReceivedPackets = 0
ReceiveRate = 0.0000
in_buf_0.size = 384
in_buf_0.PacketOccupancy = 0.00
in_buf_0.ByteOccupancy = 0.00
in_buf_0.Utilization = 0.00
in_buf_1.size = 384
in_buf_1.PacketOccupancy = 0.00
in_buf_1.ByteOccupancy = 0.00
in_buf_1.Utilization = 0.00
in_buf_2.size = 384
in_buf_2.PacketOccupancy = 0.00
in_buf_2.ByteOccupancy = 0.00
in_buf_2.Utilization = 0.00
out_buf_0.size = 384
out_buf_0.PacketOccupancy = 0.00
out_buf_0.ByteOccupancy = 0.00
out_buf_0.Utilization = 0.00
out_buf_1.size = 384
out_buf_1.PacketOccupancy = 0.00
out_buf_1.ByteOccupancy = 0.00
out_buf_1.Utilization = 0.00
out_buf_2.size = 384
out_buf_2.PacketOccupancy = 0.00
out_buf_2.ByteOccupancy = 0.00
out_buf_2.Utilization = 0.00

[ Network.net-l2-mm.Node.sw12 ]
Bandwidth = 24
SentBytes = 30160
SentPackets = 754
SendRate = 0.2363
ReceivedBytes = 30160
ReceivedPackets = 754
ReceiveRate = 0.2363
in_buf_0.size = 384
in_buf_0.PacketOccupancy = 0.00
in_buf_0.ByteOccupancy = 71.94
in_buf_0.Utilization = 0.19
in_buf_1.size = 384
in_buf_1.PacketOccupancy = 0.00
in_buf_1.ByteOccupancy = 8.00
in_buf_1.Utilization = 0.02
in_buf_2.size = 384
in_buf_2.PacketOccupancy = 0.00
in_buf_2.ByteOccupancy = 0.00
in_buf_2.Utilization = 0.00
out_buf_0.size = 384
out_buf_0.PacketOccupancy = 0.00
out_buf_0.ByteOccupancy = 8.00
out_buf_0.Utilization = 0.02
out_buf_1.size = 384
out_buf_1.PacketOccupancy = 0.00
out_buf_1.ByteOccupancy = 71.94
out_buf_1.Utilization = 0.19
out_buf_2.size = 384
out_buf_2.PacketOccupancy = 0.00
out_buf_2.ByteOccupancy = 0.00
out_buf_2.Utilization = 0.00

[ Network.net-l2-mm.Node.sw13 ]
Bandwidth = 24
SentBytes = 30160
SentPackets = 754
SendRate = 0.2363
ReceivedBytes = 30160
ReceivedPackets = 754
ReceiveRate = 0.2363
in_buf_0.size = 384
in_buf_0.PacketOccupancy = 0.00
in_buf_0.ByteOccupancy = 71.93
in_buf_0.Utilization = 0.19
in_buf_1.size = 384
in_buf_1.PacketOccupancy = 0.00
in_buf_1.ByteOccupancy = 8.00
in_buf_1.Utilization = 0.02
in_buf_2.size = 384
in_buf_2.PacketOccupancy = 0.00
in_buf_2.ByteOccupancy = 0.00
in_buf_2.Utilization = 0.00
in_buf_3.size = 384
in_buf_3.PacketOccupancy = 0.00
in_buf_3.ByteOccupancy = 0.00
in_buf_3.Utilization = 0.00
in_buf_4.size = 384
in_buf_4.PacketOccupancy = 0.00
in_buf_4.ByteOccupancy = 0.00
in_buf_4.Utilization = 0.00
out_buf_0.size = 384
out_buf_0.PacketOccupancy = 0.00
out_buf_0.ByteOccupancy = 8.00
out_buf_0.Utilization = 0.02
out_buf_1.size = 384
out_buf_1.PacketOccupancy = 0.00
out_buf_1.ByteOccupancy = 71.93
out_buf_1.Utilization = 0.19
out_buf_2.size = 384
out_buf_2.PacketOccupancy = 0.00
out_buf_2.ByteOccupancy = 0.00
out_buf_2.Utilization = 0.00
out_buf_3.size = 384
out_buf_3.PacketOccupancy = 0.00
out_buf_3.ByteOccupancy = 0.00
out_buf_3.Utilization = 0.00
out_buf_4.size = 384
out_buf_4.PacketOccupancy = 0.00
out_buf_4.ByteOccupancy = 0.00
out_buf_4.Utilization = 0.00

[ Network.net-l2-mm.Node.sw14 ]
Bandwidth = 24
SentBytes = 30240
SentPackets = 756
SendRate = 0.2369
ReceivedBytes = 30240
ReceivedPackets = 756
ReceiveRate = 0.2369
in_buf_0.size = 384
in_buf_0.PacketOccupancy = 0.00
in_buf_0.ByteOccupancy = 71.85
in_buf_0.Utilization = 0.19
in_buf_1.size = 384
in_buf_1.PacketOccupancy = 0.00
in_buf_1.ByteOccupancy = 7.99
in_buf_1.Utilization = 0.02
in_buf_2.size = 384
in_buf_2.PacketOccupancy = 0.00
in_buf_2.ByteOccupancy = 0.00
in_buf_2.Utilization = 0.00
in_buf_3.size = 384
in_buf_3.PacketOccupancy = 0.00
in_buf_3.ByteOccupancy = 0.00
in_buf_3.Utilization = 0.00
in_buf_4.size = 384
in_buf_4.PacketOccupancy = 0.00
in_buf_4.ByteOccupancy = 0.00
in_buf_4.Utilization = 0.00
out_buf_0.size = 384
out_buf_0.PacketOccupancy = 0.00
out_buf_0.ByteOccupancy = 7.99
out_buf_0.Utilization = 0.02
out_buf_1.size = 384
out_buf_1.PacketOccupancy = 0.00
out_buf_1.ByteOccupancy = 71.85
out_buf_1.Utilization = 0.19
out_buf_2.size = 384
out_buf_2.PacketOccupancy = 0.00
out_buf_2.ByteOccupancy = 0.00
out_buf_2.Utilization = 0.00
out_buf_3.size = 384
out_buf_3.PacketOccupancy = 0.00
out_buf_3.ByteOccupancy = 0.00
out_buf_3.Utilization = 0.00
out_buf_4.size = 384
out_buf_4.PacketOccupancy = 0.00
out_buf_4.ByteOccupancy = 0.00
out_buf_4.Utilization = 0.00

[ Network.net-l2-mm.Node.sw15 ]
Bandwidth = 24
SentBytes = 30720
SentPackets = 768
SendRate = 0.2407
ReceivedBytes = 30720
ReceivedPackets = 768
ReceiveRate = 0.2407
in_buf_0.size = 384
in_buf_0.PacketOccupancy = 0.00
in_buf_0.ByteOccupancy = 71.84
in_buf_0.Utilization = 0.19
in_buf_1.size = 384
in_buf_1.PacketOccupancy = 0.00
in_buf_1.ByteOccupancy = 7.99
in_buf_1.Utilization = 0.02
in_buf_2.size = 384
in_buf_2.PacketOccupancy = 0.00
in_buf_2.ByteOccupancy = 0.00
in_buf_2.Utilization = 0.00
in_buf_3.size = 384
in_buf_3.PacketOccupancy = 0.00
in_buf_3.ByteOccupancy = 0.00
in_buf_3.Utilization = 0.00
out_buf_0.size = 384
out_buf_0.PacketOccupancy = 0.00
out_buf_0.ByteOccupancy = 7.99
out_buf_0.Utilization = 0.02
out_buf_1.size = 384
out_buf_1.PacketOccupancy = 0.00
out_buf_1.ByteOccupancy = 71.84
out_buf_1.Utilization = 0.19
out_buf_2.size = 384
out_buf_2.PacketOccupancy = 0.00
out_buf_2.ByteOccupancy = 0.00
out_buf_2.Utilization = 0.00
out_buf_3.size = 384
out_buf_3.PacketOccupancy = 0.00
out_buf_3.ByteOccupancy = 0.00
out_buf_3.Utilization = 0.00

[ Network.net-l2-mm.Node.n0 ]
SentBytes = 12128
SentPackets = 1516
SendRate = 0.0950
ReceivedBytes = 109152
ReceivedPackets = 1516
ReceiveRate = 0.8552
in_buf_0.size = 384
in_buf_0.PacketOccupancy = 0.01
in_buf_0.ByteOccupancy = 72.64
in_buf_0.Utilization = 0.19
out_buf_0.size = 384
out_buf_0.PacketOccupancy = 0.00
out_buf_0.ByteOccupancy = 8.00
out_buf_0.Utilization = 0.02

[ Network.net-l2-mm.Node.n1 ]
SentBytes = 0
SentPackets = 0
SendRate = 0.0000
ReceivedBytes = 0
ReceivedPackets = 0
ReceiveRate = 0.0000
in_buf_0.size = 384
in_buf_0.PacketOccupancy = 0.00
in_buf_0.ByteOccupancy = 0.00
in_buf_0.Utilization = 0.00
out_buf_0.size = 384
out_buf_0.PacketOccupancy = 0.00
out_buf_0.ByteOccupancy = 0.00
out_buf_0.Utilization = 0.00

[ Network.net-l2-mm.Node.n2 ]
SentBytes = 0
SentPackets = 0
SendRate = 0.0000
ReceivedBytes = 0
ReceivedPackets = 0
ReceiveRate = 0.0000
in_buf_0.size = 384
in_buf_0.PacketOccupancy = 0.00
in_buf_0.ByteOccupancy = 0.00
in_buf_0.Utilization = 0.00
out_buf_0.size = 384
out_buf_0.PacketOccupancy = 0.00
out_buf_0.ByteOccupancy = 0.00
out_buf_0.Utilization = 0.00

[ Network.net-l2-mm.Node.n3 ]
SentBytes = 0
SentPackets = 0
SendRate = 0.0000
ReceivedBytes = 0
ReceivedPackets = 0
ReceiveRate = 0.0000
in_buf_0.size = 384
in_buf_0.PacketOccupancy = 0.00
in_buf_0.ByteOccupancy = 0.00
in_buf_0.Utilization = 0.00
out_buf_0.size = 384
out_buf_0.PacketOccupancy = 0.00
out_buf_0.ByteOccupancy = 0.00
out_buf_0.Utilization = 0.00

[ Network.net-l2-mm.Node.n4 ]
SentBytes = 0
SentPackets = 0
SendRate = 0.0000
ReceivedBytes = 0
ReceivedPackets = 0
ReceiveRate = 0.0000
in_buf_0.size = 384
in_buf_0.PacketOccupancy = 0.00
in_buf_0.ByteOccupancy = 0.00
in_buf_0.Utilization = 0.00
out_buf_0.size = 384
out_buf_0.PacketOccupancy = 0.00
out_buf_0.ByteOccupancy = 0.00
out_buf_0.Utilization = 0.00

[ Network.net-l2-mm.Node.n5 ]
SentBytes = 0
SentPackets = 0
SendRate = 0.0000
ReceivedBytes = 0
ReceivedPackets = 0
ReceiveRate = 0.0000
in_buf_0.size = 384
in_buf_0.PacketOccupancy = 0.00
in_buf_0.ByteOccupancy = 0.00
in_buf_0.Utilization = 0.00
out_buf_0.size = 384
out_buf_0.PacketOccupancy = 0.00
out_buf_0.ByteOccupancy = 0.00
out_buf_0.Utilization = 0.00

[ Network.net-l2-mm.Node.n6 ]
SentBytes = 0
SentPackets = 0
SendRate = 0.0000
ReceivedBytes = 0
ReceivedPackets = 0
ReceiveRate = 0.0000
in_buf_0.size = 384
in_buf_0.PacketOccupancy = 0.00
in_buf_0.ByteOccupancy = 0.00
in_buf_0.Utilization = 0.00
out_buf_0.size = 384
out_buf_0.PacketOccupancy = 0.00
out_buf_0.ByteOccupancy = 0.00
out_buf_0.Utilization = 0.00

[ Network.net-l2-mm.Node.n7 ]
SentBytes = 0
SentPackets = 0
SendRate = 0.0000
ReceivedBytes = 0
ReceivedPackets = 0
ReceiveRate = 0.0000
in_buf_0.size = 384
in_buf_0.PacketOccupancy = 0.00
in_buf_0.ByteOccupancy = 0.00
in_buf_0.Utilization = 0.00
out_buf_0.size = 384
out_buf_0.PacketOccupancy = 0.00
out_buf_0.ByteOccupancy = 0.00
out_buf_0.Utilization = 0.00

[ Network.net-l2-mm.Node.n8 ]
SentBytes = 0
SentPackets = 0
SendRate = 0.0000
ReceivedBytes = 0
ReceivedPackets = 0
ReceiveRate = 0.0000
in_buf_0.size = 384
in_buf_0.PacketOccupancy = 0.00
in_buf_0.ByteOccupancy = 0.00
in_buf_0.Utilization = 0.00
out_buf_0.size = 384
out_buf_0.PacketOccupancy = 0.00
out_buf_0.ByteOccupancy = 0.00
out_buf_0.Utilization = 0.00

[ Network.net-l2-mm.Node.n9 ]
SentBytes = 0
SentPackets = 0
SendRate = 0.0000
ReceivedBytes = 0
ReceivedPackets = 0
ReceiveRate = 0.0000
in_buf_0.size = 384
in_buf_0.PacketOccupancy = 0.00
in_buf_0.ByteOccupancy = 0.00
in_buf_0.Utilization = 0.00
out_buf_0.size = 384
out_buf_0.PacketOccupancy = 0.00
out_buf_0.ByteOccupancy = 0.00
out_buf_0.Utilization = 0.00

[ Network.net-l2-mm.Node.n10 ]
SentBytes = 0
SentPackets = 0
SendRate = 0.0000
ReceivedBytes = 0
ReceivedPackets = 0
ReceiveRate = 0.0000
in_buf_0.size = 384
in_buf_0.PacketOccupancy = 0.00
in_buf_0.ByteOccupancy = 0.00
in_buf_0.Utilization = 0.00
out_buf_0.size = 384
out_buf_0.PacketOccupancy = 0.00
out_buf_0.ByteOccupancy = 0.00
out_buf_0.Utilization = 0.00

[ Network.net-l2-mm.Node.n11 ]
SentBytes = 0
SentPackets = 0
SendRate = 0.0000
ReceivedBytes = 0
ReceivedPackets = 0
ReceiveRate = 0.0000
in_buf_0.size = 384
in_buf_0.PacketOccupancy = 0.00
in_buf_0.ByteOccupancy = 0.00
in_buf_0.Utilization = 0.00
out_buf_0.size = 384
out_buf_0.PacketOccupancy = 0.00
out_buf_0.ByteOccupancy = 0.00
out_buf_0.Utilization = 0.00

[ Network.net-l2-mm.Node.n12 ]
SentBytes = 27144
SentPackets = 377
SendRate = 0.2127
ReceivedBytes = 3016
ReceivedPackets = 377
ReceiveRate = 0.0236
in_buf_0.size = 384
in_buf_0.PacketOccupancy = 0.01
in_buf_0.ByteOccupancy = 8.06
in_buf_0.Utilization = 0.02
out_buf_0.size = 384
out_buf_0.PacketOccupancy = 0.00
out_buf_0.ByteOccupancy = 71.94
out_buf_0.Utilization = 0.19

[ Network.net-l2-mm.Node.n13 ]
SentBytes = 27144
SentPackets = 377
SendRate = 0.2127
ReceivedBytes = 3016
ReceivedPackets = 377
ReceiveRate = 0.0236
in_buf_0.size = 384
in_buf_0.PacketOccupancy = 0.02
in_buf_0.ByteOccupancy = 8.13
in_buf_0.Utilization = 0.02
out_buf_0.size = 384
out_buf_0.PacketOccupancy = 0.00
out_buf_0.ByteOccupancy = 71.94
out_buf_0.Utilization = 0.19

[ Network.net-l2-mm.Node.n14 ]
SentBytes = 27216
SentPackets = 378
SendRate = 0.2132
ReceivedBytes = 3024
ReceivedPackets = 378
ReceiveRate = 0.0237
in_buf_0.size = 384
in_buf_0.PacketOccupancy = 0.01
in_buf_0.ByteOccupancy = 8.08
in_buf_0.Utilization = 0.02
out_buf_0.size = 384
out_buf_0.PacketOccupancy = 0.00
out_buf_0.ByteOccupancy = 71.86
out_buf_0.Utilization = 0.19

[ Network.net-l2-mm.Node.n15 ]
SentBytes = 27648
SentPackets = 384
SendRate = 0.2166
ReceivedBytes = 3072
ReceivedPackets = 384
ReceiveRate = 0.0241
in_buf_0.size = 384
in_buf_0.PacketOccupancy = 0.02
in_buf_0.ByteOccupancy = 8.11
in_buf_0.Utilization = 0.02
out_buf_0.size = 384
out_buf_0.PacketOccupancy = 0.00
out_buf_0.ByteOccupancy = 71.85
out_buf_0.Utilization = 0.19


