[ Network.net-l2-mm ]
Transfers = 891028
AverageMessageSize = 37.47
TransferredBytes = 33385440
AverageLatency = 12.5833
Cycles = 13434399

[ Network.net-l2-mm.Link.link_sw0_n0 ]
Name = sw0-n0
SourceBuffers = sw0:out_buf_0 
DestinationBuffers = n0:in_buf_0 
Bandwidth = 72
TransferredPackets = 121660
TransferredBytes = 5428576
BusyCycles = 121660
BytesPerCycle = 0.4041
Utilization = 0.0056

[ Network.net-l2-mm.Link.link_n0_sw0 ]
Name = sw0-n0
SourceBuffers = n0:out_buf_0 
DestinationBuffers = sw0:in_buf_0 
Bandwidth = 72
TransferredPackets = 121660
TransferredBytes = 3746528
BusyCycles = 121660
BytesPerCycle = 0.2789
Utilization = 0.0039

[ Network.net-l2-mm.Link.link_sw1_n1 ]
Name = sw1-n1
SourceBuffers = sw1:out_buf_0 
DestinationBuffers = n1:in_buf_0 
Bandwidth = 72
TransferredPackets = 93059
TransferredBytes = 4192024
BusyCycles = 93059
BytesPerCycle = 0.3120
Utilization = 0.0043

[ Network.net-l2-mm.Link.link_n1_sw1 ]
Name = sw1-n1
SourceBuffers = n1:out_buf_0 
DestinationBuffers = sw1:in_buf_0 
Bandwidth = 72
TransferredPackets = 93059
TransferredBytes = 2812312
BusyCycles = 93059
BytesPerCycle = 0.2093
Utilization = 0.0029

[ Network.net-l2-mm.Link.link_sw2_n2 ]
Name = sw2-n2
SourceBuffers = sw2:out_buf_0 
DestinationBuffers = n2:in_buf_0 
Bandwidth = 72
TransferredPackets = 102738
TransferredBytes = 4617616
BusyCycles = 102738
BytesPerCycle = 0.3437
Utilization = 0.0048

[ Network.net-l2-mm.Link.link_n2_sw2 ]
Name = sw2-n2
SourceBuffers = n2:out_buf_0 
DestinationBuffers = sw2:in_buf_0 
Bandwidth = 72
TransferredPackets = 102738
TransferredBytes = 3069648
BusyCycles = 102738
BytesPerCycle = 0.2285
Utilization = 0.0032

[ Network.net-l2-mm.Link.link_sw3_n3 ]
Name = sw3-n3
SourceBuffers = sw3:out_buf_0 
DestinationBuffers = n3:in_buf_0 
Bandwidth = 72
TransferredPackets = 128057
TransferredBytes = 5645960
BusyCycles = 128057
BytesPerCycle = 0.4203
Utilization = 0.0058

[ Network.net-l2-mm.Link.link_n3_sw3 ]
Name = sw3-n3
SourceBuffers = n3:out_buf_0 
DestinationBuffers = sw3:in_buf_0 
Bandwidth = 72
TransferredPackets = 128057
TransferredBytes = 3872776
BusyCycles = 128057
BytesPerCycle = 0.2883
Utilization = 0.0040

[ Network.net-l2-mm.Link.link_sw4_n4 ]
Name = sw4-n4
SourceBuffers = sw4:out_buf_0 
DestinationBuffers = n4:in_buf_0 
Bandwidth = 72
TransferredPackets = 0
TransferredBytes = 0
BusyCycles = 0
BytesPerCycle = 0.0000
Utilization = 0.0000

[ Network.net-l2-mm.Link.link_n4_sw4 ]
Name = sw4-n4
SourceBuffers = n4:out_buf_0 
DestinationBuffers = sw4:in_buf_0 
Bandwidth = 72
TransferredPackets = 0
TransferredBytes = 0
BusyCycles = 0
BytesPerCycle = 0.0000
Utilization = 0.0000

[ Network.net-l2-mm.Link.link_sw5_n5 ]
Name = sw5-n5
SourceBuffers = sw5:out_buf_0 
DestinationBuffers = n5:in_buf_0 
Bandwidth = 72
TransferredPackets = 0
TransferredBytes = 0
BusyCycles = 0
BytesPerCycle = 0.0000
Utilization = 0.0000

[ Network.net-l2-mm.Link.link_n5_sw5 ]
Name = sw5-n5
SourceBuffers = n5:out_buf_0 
DestinationBuffers = sw5:in_buf_0 
Bandwidth = 72
TransferredPackets = 0
TransferredBytes = 0
BusyCycles = 0
BytesPerCycle = 0.0000
Utilization = 0.0000

[ Network.net-l2-mm.Link.link_sw6_n6 ]
Name = sw6-n6
SourceBuffers = sw6:out_buf_0 
DestinationBuffers = n6:in_buf_0 
Bandwidth = 72
TransferredPackets = 0
TransferredBytes = 0
BusyCycles = 0
BytesPerCycle = 0.0000
Utilization = 0.0000

[ Network.net-l2-mm.Link.link_n6_sw6 ]
Name = sw6-n6
SourceBuffers = n6:out_buf_0 
DestinationBuffers = sw6:in_buf_0 
Bandwidth = 72
TransferredPackets = 0
TransferredBytes = 0
BusyCycles = 0
BytesPerCycle = 0.0000
Utilization = 0.0000

[ Network.net-l2-mm.Link.link_sw7_n7 ]
Name = sw7-n7
SourceBuffers = sw7:out_buf_0 
DestinationBuffers = n7:in_buf_0 
Bandwidth = 72
TransferredPackets = 0
TransferredBytes = 0
BusyCycles = 0
BytesPerCycle = 0.0000
Utilization = 0.0000

[ Network.net-l2-mm.Link.link_n7_sw7 ]
Name = sw7-n7
SourceBuffers = n7:out_buf_0 
DestinationBuffers = sw7:in_buf_0 
Bandwidth = 72
TransferredPackets = 0
TransferredBytes = 0
BusyCycles = 0
BytesPerCycle = 0.0000
Utilization = 0.0000

[ Network.net-l2-mm.Link.link_sw8_n8 ]
Name = sw8-n8
SourceBuffers = sw8:out_buf_0 
DestinationBuffers = n8:in_buf_0 
Bandwidth = 72
TransferredPackets = 0
TransferredBytes = 0
BusyCycles = 0
BytesPerCycle = 0.0000
Utilization = 0.0000

[ Network.net-l2-mm.Link.link_n8_sw8 ]
Name = sw8-n8
SourceBuffers = n8:out_buf_0 
DestinationBuffers = sw8:in_buf_0 
Bandwidth = 72
TransferredPackets = 0
TransferredBytes = 0
BusyCycles = 0
BytesPerCycle = 0.0000
Utilization = 0.0000

[ Network.net-l2-mm.Link.link_sw9_n9 ]
Name = sw9-n9
SourceBuffers = sw9:out_buf_0 
DestinationBuffers = n9:in_buf_0 
Bandwidth = 72
TransferredPackets = 0
TransferredBytes = 0
BusyCycles = 0
BytesPerCycle = 0.0000
Utilization = 0.0000

[ Network.net-l2-mm.Link.link_n9_sw9 ]
Name = sw9-n9
SourceBuffers = n9:out_buf_0 
DestinationBuffers = sw9:in_buf_0 
Bandwidth = 72
TransferredPackets = 0
TransferredBytes = 0
BusyCycles = 0
BytesPerCycle = 0.0000
Utilization = 0.0000

[ Network.net-l2-mm.Link.link_sw10_n10 ]
Name = sw10-n10
SourceBuffers = sw10:out_buf_0 
DestinationBuffers = n10:in_buf_0 
Bandwidth = 72
TransferredPackets = 0
TransferredBytes = 0
BusyCycles = 0
BytesPerCycle = 0.0000
Utilization = 0.0000

[ Network.net-l2-mm.Link.link_n10_sw10 ]
Name = sw10-n10
SourceBuffers = n10:out_buf_0 
DestinationBuffers = sw10:in_buf_0 
Bandwidth = 72
TransferredPackets = 0
TransferredBytes = 0
BusyCycles = 0
BytesPerCycle = 0.0000
Utilization = 0.0000

[ Network.net-l2-mm.Link.link_sw11_n11 ]
Name = sw11-n11
SourceBuffers = sw11:out_buf_0 
DestinationBuffers = n11:in_buf_0 
Bandwidth = 72
TransferredPackets = 0
TransferredBytes = 0
BusyCycles = 0
BytesPerCycle = 0.0000
Utilization = 0.0000

[ Network.net-l2-mm.Link.link_n11_sw11 ]
Name = sw11-n11
SourceBuffers = n11:out_buf_0 
DestinationBuffers = sw11:in_buf_0 
Bandwidth = 72
TransferredPackets = 0
TransferredBytes = 0
BusyCycles = 0
BytesPerCycle = 0.0000
Utilization = 0.0000

[ Network.net-l2-mm.Link.link_sw12_n12 ]
Name = sw12-n12
SourceBuffers = sw12:out_buf_0 
DestinationBuffers = n12:in_buf_0 
Bandwidth = 72
TransferredPackets = 112555
TransferredBytes = 3406168
BusyCycles = 112555
BytesPerCycle = 0.2535
Utilization = 0.0035

[ Network.net-l2-mm.Link.link_n12_sw12 ]
Name = sw12-n12
SourceBuffers = n12:out_buf_0 
DestinationBuffers = sw12:in_buf_0 
Bandwidth = 72
TransferredPackets = 112555
TransferredBytes = 5021720
BusyCycles = 112555
BytesPerCycle = 0.3738
Utilization = 0.0052

[ Network.net-l2-mm.Link.link_sw13_n13 ]
Name = sw13-n13
SourceBuffers = sw13:out_buf_0 
DestinationBuffers = n13:in_buf_0 
Bandwidth = 72
TransferredPackets = 111528
TransferredBytes = 3383424
BusyCycles = 111528
BytesPerCycle = 0.2518
Utilization = 0.0035

[ Network.net-l2-mm.Link.link_n13_sw13 ]
Name = sw13-n13
SourceBuffers = n13:out_buf_0 
DestinationBuffers = sw13:in_buf_0 
Bandwidth = 72
TransferredPackets = 111528
TransferredBytes = 4974016
BusyCycles = 111528
BytesPerCycle = 0.3702
Utilization = 0.0051

[ Network.net-l2-mm.Link.link_sw14_n14 ]
Name = sw14-n14
SourceBuffers = sw14:out_buf_0 
DestinationBuffers = n14:in_buf_0 
Bandwidth = 72
TransferredPackets = 111081
TransferredBytes = 3368008
BusyCycles = 111081
BytesPerCycle = 0.2507
Utilization = 0.0035

[ Network.net-l2-mm.Link.link_n14_sw14 ]
Name = sw14-n14
SourceBuffers = n14:out_buf_0 
DestinationBuffers = sw14:in_buf_0 
Bandwidth = 72
TransferredPackets = 111081
TransferredBytes = 4957448
BusyCycles = 111081
BytesPerCycle = 0.3690
Utilization = 0.0051

[ Network.net-l2-mm.Link.link_sw15_n15 ]
Name = sw15-n15
SourceBuffers = sw15:out_buf_0 
DestinationBuffers = n15:in_buf_0 
Bandwidth = 72
TransferredPackets = 110350
TransferredBytes = 3343664
BusyCycles = 110350
BytesPerCycle = 0.2489
Utilization = 0.0035

[ Network.net-l2-mm.Link.link_n15_sw15 ]
Name = sw15-n15
SourceBuffers = n15:out_buf_0 
DestinationBuffers = sw15:in_buf_0 
Bandwidth = 72
TransferredPackets = 110350
TransferredBytes = 4930992
BusyCycles = 110350
BytesPerCycle = 0.3670
Utilization = 0.0051

[ Network.net-l2-mm.Link.link_sw0_sw1 ]
Name = sw0-sw1
SourceBuffers = sw0:out_buf_1 
DestinationBuffers = sw1:in_buf_1 
Bandwidth = 72
TransferredPackets = 173325
TransferredBytes = 6475304
BusyCycles = 173325
BytesPerCycle = 0.4820
Utilization = 0.0067

[ Network.net-l2-mm.Link.link_sw1_sw0 ]
Name = sw0-sw1
SourceBuffers = sw1:out_buf_1 
DestinationBuffers = sw0:in_buf_1 
Bandwidth = 72
TransferredPackets = 173325
TransferredBytes = 6541800
BusyCycles = 173325
BytesPerCycle = 0.4869
Utilization = 0.0068

[ Network.net-l2-mm.Link.link_sw0_sw4 ]
Name = sw0-sw4
SourceBuffers = sw0:out_buf_2 
DestinationBuffers = sw4:in_buf_1 
Bandwidth = 72
TransferredPackets = 112555
TransferredBytes = 3406168
BusyCycles = 112555
BytesPerCycle = 0.2535
Utilization = 0.0035

[ Network.net-l2-mm.Link.link_sw4_sw0 ]
Name = sw0-sw4
SourceBuffers = sw4:out_buf_1 
DestinationBuffers = sw0:in_buf_2 
Bandwidth = 72
TransferredPackets = 112555
TransferredBytes = 5021720
BusyCycles = 112555
BytesPerCycle = 0.3738
Utilization = 0.0052

[ Network.net-l2-mm.Link.link_sw1_sw2 ]
Name = sw1-sw2
SourceBuffers = sw1:out_buf_2 
DestinationBuffers = sw2:in_buf_1 
Bandwidth = 72
TransferredPackets = 223134
TransferredBytes = 8432048
BusyCycles = 223134
BytesPerCycle = 0.6276
Utilization = 0.0087

[ Network.net-l2-mm.Link.link_sw2_sw1 ]
Name = sw1-sw2
SourceBuffers = sw2:out_buf_1 
DestinationBuffers = sw1:in_buf_2 
Bandwidth = 72
TransferredPackets = 223134
TransferredBytes = 8287664
BusyCycles = 223134
BytesPerCycle = 0.6169
Utilization = 0.0086

[ Network.net-l2-mm.Link.link_sw1_sw5 ]
Name = sw1-sw5
SourceBuffers = sw1:out_buf_3 
DestinationBuffers = sw5:in_buf_1 
Bandwidth = 72
TransferredPackets = 111528
TransferredBytes = 3383424
BusyCycles = 111528
BytesPerCycle = 0.2518
Utilization = 0.0035

[ Network.net-l2-mm.Link.link_sw5_sw1 ]
Name = sw1-sw5
SourceBuffers = sw5:out_buf_1 
DestinationBuffers = sw1:in_buf_3 
Bandwidth = 72
TransferredPackets = 111528
TransferredBytes = 4974016
BusyCycles = 111528
BytesPerCycle = 0.3702
Utilization = 0.0051

[ Network.net-l2-mm.Link.link_sw2_sw3 ]
Name = sw2-sw3
SourceBuffers = sw2:out_buf_2 
DestinationBuffers = sw3:in_buf_1 
Bandwidth = 72
TransferredPackets = 175007
TransferredBytes = 6633784
BusyCycles = 175007
BytesPerCycle = 0.4938
Utilization = 0.0069

[ Network.net-l2-mm.Link.link_sw3_sw2 ]
Name = sw2-sw3
SourceBuffers = sw3:out_buf_1 
DestinationBuffers = sw2:in_buf_2 
Bandwidth = 72
TransferredPackets = 175007
TransferredBytes = 6447928
BusyCycles = 175007
BytesPerCycle = 0.4800
Utilization = 0.0067

[ Network.net-l2-mm.Link.link_sw2_sw6 ]
Name = sw2-sw6
SourceBuffers = sw2:out_buf_3 
DestinationBuffers = sw6:in_buf_1 
Bandwidth = 72
TransferredPackets = 111081
TransferredBytes = 3368008
BusyCycles = 111081
BytesPerCycle = 0.2507
Utilization = 0.0035

[ Network.net-l2-mm.Link.link_sw6_sw2 ]
Name = sw2-sw6
SourceBuffers = sw6:out_buf_1 
DestinationBuffers = sw2:in_buf_3 
Bandwidth = 72
TransferredPackets = 111081
TransferredBytes = 4957448
BusyCycles = 111081
BytesPerCycle = 0.3690
Utilization = 0.0051

[ Network.net-l2-mm.Link.link_sw3_sw7 ]
Name = sw3-sw7
SourceBuffers = sw3:out_buf_2 
DestinationBuffers = sw7:in_buf_1 
Bandwidth = 72
TransferredPackets = 110350
TransferredBytes = 3343664
BusyCycles = 110350
BytesPerCycle = 0.2489
Utilization = 0.0035

[ Network.net-l2-mm.Link.link_sw7_sw3 ]
Name = sw3-sw7
SourceBuffers = sw7:out_buf_1 
DestinationBuffers = sw3:in_buf_2 
Bandwidth = 72
TransferredPackets = 110350
TransferredBytes = 4930992
BusyCycles = 110350
BytesPerCycle = 0.3670
Utilization = 0.0051

[ Network.net-l2-mm.Link.link_sw4_sw5 ]
Name = sw4-sw5
SourceBuffers = sw4:out_buf_2 
DestinationBuffers = sw5:in_buf_2 
Bandwidth = 72
TransferredPackets = 0
TransferredBytes = 0
BusyCycles = 0
BytesPerCycle = 0.0000
Utilization = 0.0000

[ Network.net-l2-mm.Link.link_sw5_sw4 ]
Name = sw4-sw5
SourceBuffers = sw5:out_buf_2 
DestinationBuffers = sw4:in_buf_2 
Bandwidth = 72
TransferredPackets = 0
TransferredBytes = 0
BusyCycles = 0
BytesPerCycle = 0.0000
Utilization = 0.0000

[ Network.net-l2-mm.Link.link_sw4_sw8 ]
Name = sw4-sw8
SourceBuffers = sw4:out_buf_3 
DestinationBuffers = sw8:in_buf_1 
Bandwidth = 72
TransferredPackets = 112555
TransferredBytes = 3406168
BusyCycles = 112555
BytesPerCycle = 0.2535
Utilization = 0.0035

[ Network.net-l2-mm.Link.link_sw8_sw4 ]
Name = sw4-sw8
SourceBuffers = sw8:out_buf_1 
DestinationBuffers = sw4:in_buf_3 
Bandwidth = 72
TransferredPackets = 112555
TransferredBytes = 5021720
BusyCycles = 112555
BytesPerCycle = 0.3738
Utilization = 0.0052

[ Network.net-l2-mm.Link.link_sw5_sw6 ]
Name = sw5-sw6
SourceBuffers = sw5:out_buf_3 
DestinationBuffers = sw6:in_buf_2 
Bandwidth = 72
TransferredPackets = 0
TransferredBytes = 0
BusyCycles = 0
BytesPerCycle = 0.0000
Utilization = 0.0000

[ Network.net-l2-mm.Link.link_sw6_sw5 ]
Name = sw5-sw6
SourceBuffers = sw6:out_buf_2 
DestinationBuffers = sw5:in_buf_3 
Bandwidth = 72
TransferredPackets = 0
TransferredBytes = 0
BusyCycles = 0
BytesPerCycle = 0.0000
Utilization = 0.0000

[ Network.net-l2-mm.Link.link_sw5_sw9 ]
Name = sw5-sw9
SourceBuffers = sw5:out_buf_4 
DestinationBuffers = sw9:in_buf_1 
Bandwidth = 72
TransferredPackets = 111528
TransferredBytes = 3383424
BusyCycles = 111528
BytesPerCycle = 0.2518
Utilization = 0.0035

[ Network.net-l2-mm.Link.link_sw9_sw5 ]
Name = sw5-sw9
SourceBuffers = sw9:out_buf_1 
DestinationBuffers = sw5:in_buf_4 
Bandwidth = 72
TransferredPackets = 111528
TransferredBytes = 4974016
BusyCycles = 111528
BytesPerCycle = 0.3702
Utilization = 0.0051

[ Network.net-l2-mm.Link.link_sw6_sw7 ]
Name = sw6-sw7
SourceBuffers = sw6:out_buf_3 
DestinationBuffers = sw7:in_buf_2 
Bandwidth = 72
TransferredPackets = 0
TransferredBytes = 0
BusyCycles = 0
BytesPerCycle = 0.0000
Utilization = 0.0000

[ Network.net-l2-mm.Link.link_sw7_sw6 ]
Name = sw6-sw7
SourceBuffers = sw7:out_buf_2 
DestinationBuffers = sw6:in_buf_3 
Bandwidth = 72
TransferredPackets = 0
TransferredBytes = 0
BusyCycles = 0
BytesPerCycle = 0.0000
Utilization = 0.0000

[ Network.net-l2-mm.Link.link_sw6_sw10 ]
Name = sw6-sw10
SourceBuffers = sw6:out_buf_4 
DestinationBuffers = sw10:in_buf_1 
Bandwidth = 72
TransferredPackets = 111081
TransferredBytes = 3368008
BusyCycles = 111081
BytesPerCycle = 0.2507
Utilization = 0.0035

[ Network.net-l2-mm.Link.link_sw10_sw6 ]
Name = sw6-sw10
SourceBuffers = sw10:out_buf_1 
DestinationBuffers = sw6:in_buf_4 
Bandwidth = 72
TransferredPackets = 111081
TransferredBytes = 4957448
BusyCycles = 111081
BytesPerCycle = 0.3690
Utilization = 0.0051

[ Network.net-l2-mm.Link.link_sw7_sw11 ]
Name = sw7-sw11
SourceBuffers = sw7:out_buf_3 
DestinationBuffers = sw11:in_buf_1 
Bandwidth = 72
TransferredPackets = 110350
TransferredBytes = 3343664
BusyCycles = 110350
BytesPerCycle = 0.2489
Utilization = 0.0035

[ Network.net-l2-mm.Link.link_sw11_sw7 ]
Name = sw7-sw11
SourceBuffers = sw11:out_buf_1 
DestinationBuffers = sw7:in_buf_3 
Bandwidth = 72
TransferredPackets = 110350
TransferredBytes = 4930992
BusyCycles = 110350
BytesPerCycle = 0.3670
Utilization = 0.0051

[ Network.net-l2-mm.Link.link_sw8_sw9 ]
Name = sw8-sw9
SourceBuffers = sw8:out_buf_2 
DestinationBuffers = sw9:in_buf_2 
Bandwidth = 72
TransferredPackets = 0
TransferredBytes = 0
BusyCycles = 0
BytesPerCycle = 0.0000
Utilization = 0.0000

[ Network.net-l2-mm.Link.link_sw9_sw8 ]
Name = sw8-sw9
SourceBuffers = sw9:out_buf_2 
DestinationBuffers = sw8:in_buf_2 
Bandwidth = 72
TransferredPackets = 0
TransferredBytes = 0
BusyCycles = 0
BytesPerCycle = 0.0000
Utilization = 0.0000

[ Network.net-l2-mm.Link.link_sw8_sw12 ]
Name = sw8-sw12
SourceBuffers = sw8:out_buf_3 
DestinationBuffers = sw12:in_buf_1 
Bandwidth = 72
TransferredPackets = 112555
TransferredBytes = 3406168
BusyCycles = 112555
BytesPerCycle = 0.2535
Utilization = 0.0035

[ Network.net-l2-mm.Link.link_sw12_sw8 ]
Name = sw8-sw12
SourceBuffers = sw12:out_buf_1 
DestinationBuffers = sw8:in_buf_3 
Bandwidth = 72
TransferredPackets = 112555
TransferredBytes = 5021720
BusyCycles = 112555
BytesPerCycle = 0.3738
Utilization = 0.0052

[ Network.net-l2-mm.Link.link_sw9_sw10 ]
Name = sw9-sw10
SourceBuffers = sw9:out_buf_3 
DestinationBuffers = sw10:in_buf_2 
Bandwidth = 72
TransferredPackets = 0
TransferredBytes = 0
BusyCycles = 0
BytesPerCycle = 0.0000
Utilization = 0.0000

[ Network.net-l2-mm.Link.link_sw10_sw9 ]
Name = sw9-sw10
SourceBuffers = sw10:out_buf_2 
DestinationBuffers = sw9:in_buf_3 
Bandwidth = 72
TransferredPackets = 0
TransferredBytes = 0
BusyCycles = 0
BytesPerCycle = 0.0000
Utilization = 0.0000

[ Network.net-l2-mm.Link.link_sw9_sw13 ]
Name = sw9-sw13
SourceBuffers = sw9:out_buf_4 
DestinationBuffers = sw13:in_buf_1 
Bandwidth = 72
TransferredPackets = 111528
TransferredBytes = 3383424
BusyCycles = 111528
BytesPerCycle = 0.2518
Utilization = 0.0035

[ Network.net-l2-mm.Link.link_sw13_sw9 ]
Name = sw9-sw13
SourceBuffers = sw13:out_buf_1 
DestinationBuffers = sw9:in_buf_4 
Bandwidth = 72
TransferredPackets = 111528
TransferredBytes = 4974016
BusyCycles = 111528
BytesPerCycle = 0.3702
Utilization = 0.0051

[ Network.net-l2-mm.Link.link_sw10_sw11 ]
Name = sw10-sw11
SourceBuffers = sw10:out_buf_3 
DestinationBuffers = sw11:in_buf_2 
Bandwidth = 72
TransferredPackets = 0
TransferredBytes = 0
BusyCycles = 0
BytesPerCycle = 0.0000
Utilization = 0.0000

[ Network.net-l2-mm.Link.link_sw11_sw10 ]
Name = sw10-sw11
SourceBuffers = sw11:out_buf_2 
DestinationBuffers = sw10:in_buf_3 
Bandwidth = 72
TransferredPackets = 0
TransferredBytes = 0
BusyCycles = 0
BytesPerCycle = 0.0000
Utilization = 0.0000

[ Network.net-l2-mm.Link.link_sw10_sw14 ]
Name = sw10-sw14
SourceBuffers = sw10:out_buf_4 
DestinationBuffers = sw14:in_buf_1 
Bandwidth = 72
TransferredPackets = 111081
TransferredBytes = 3368008
BusyCycles = 111081
BytesPerCycle = 0.2507
Utilization = 0.0035

[ Network.net-l2-mm.Link.link_sw14_sw10 ]
Name = sw10-sw14
SourceBuffers = sw14:out_buf_1 
DestinationBuffers = sw10:in_buf_4 
Bandwidth = 72
TransferredPackets = 111081
TransferredBytes = 4957448
BusyCycles = 111081
BytesPerCycle = 0.3690
Utilization = 0.0051

[ Network.net-l2-mm.Link.link_sw11_sw15 ]
Name = sw11-sw15
SourceBuffers = sw11:out_buf_3 
DestinationBuffers = sw15:in_buf_1 
Bandwidth = 72
TransferredPackets = 110350
TransferredBytes = 3343664
BusyCycles = 110350
BytesPerCycle = 0.2489
Utilization = 0.0035

[ Network.net-l2-mm.Link.link_sw15_sw11 ]
Name = sw11-sw15
SourceBuffers = sw15:out_buf_1 
DestinationBuffers = sw11:in_buf_3 
Bandwidth = 72
TransferredPackets = 110350
TransferredBytes = 4930992
BusyCycles = 110350
BytesPerCycle = 0.3670
Utilization = 0.0051

[ Network.net-l2-mm.Link.link_sw12_sw13 ]
Name = sw12-sw13
SourceBuffers = sw12:out_buf_2 
DestinationBuffers = sw13:in_buf_2 
Bandwidth = 72
TransferredPackets = 0
TransferredBytes = 0
BusyCycles = 0
BytesPerCycle = 0.0000
Utilization = 0.0000

[ Network.net-l2-mm.Link.link_sw13_sw12 ]
Name = sw12-sw13
SourceBuffers = sw13:out_buf_2 
DestinationBuffers = sw12:in_buf_2 
Bandwidth = 72
TransferredPackets = 0
TransferredBytes = 0
BusyCycles = 0
BytesPerCycle = 0.0000
Utilization = 0.0000

[ Network.net-l2-mm.Link.link_sw13_sw14 ]
Name = sw13-sw14
SourceBuffers = sw13:out_buf_3 
DestinationBuffers = sw14:in_buf_2 
Bandwidth = 72
TransferredPackets = 0
TransferredBytes = 0
BusyCycles = 0
BytesPerCycle = 0.0000
Utilization = 0.0000

[ Network.net-l2-mm.Link.link_sw14_sw13 ]
Name = sw13-sw14
SourceBuffers = sw14:out_buf_2 
DestinationBuffers = sw13:in_buf_3 
Bandwidth = 72
TransferredPackets = 0
TransferredBytes = 0
BusyCycles = 0
BytesPerCycle = 0.0000
Utilization = 0.0000

[ Network.net-l2-mm.Link.link_sw14_sw15 ]
Name = sw14-sw15
SourceBuffers = sw14:out_buf_3 
DestinationBuffers = sw15:in_buf_2 
Bandwidth = 72
TransferredPackets = 0
TransferredBytes = 0
BusyCycles = 0
BytesPerCycle = 0.0000
Utilization = 0.0000

[ Network.net-l2-mm.Link.link_sw15_sw14 ]
Name = sw14-sw15
SourceBuffers = sw15:out_buf_2 
DestinationBuffers = sw14:in_buf_3 
Bandwidth = 72
TransferredPackets = 0
TransferredBytes = 0
BusyCycles = 0
BytesPerCycle = 0.0000
Utilization = 0.0000

[ Network.net-l2-mm.Node.sw0 ]
Bandwidth = 72
SentBytes = 15310048
SentPackets = 407540
SendRate = 1.1396
ReceivedBytes = 15310048
ReceivedPackets = 407540
ReceiveRate = 1.1396
in_buf_0.size = 1152
in_buf_0.PacketOccupancy = 0.00
in_buf_0.ByteOccupancy = 22.38
in_buf_0.Utilization = 0.02
in_buf_1.size = 1152
in_buf_1.PacketOccupancy = 0.00
in_buf_1.ByteOccupancy = 40.99
in_buf_1.Utilization = 0.04
in_buf_2.size = 1152
in_buf_2.PacketOccupancy = 0.00
in_buf_2.ByteOccupancy = 57.77
in_buf_2.Utilization = 0.05
out_buf_0.size = 1152
out_buf_0.PacketOccupancy = 0.00
out_buf_0.ByteOccupancy = 51.05
out_buf_0.Utilization = 0.04
out_buf_1.size = 1152
out_buf_1.PacketOccupancy = 0.00
out_buf_1.ByteOccupancy = 36.12
out_buf_1.Utilization = 0.03
out_buf_2.size = 1152
out_buf_2.PacketOccupancy = 0.00
out_buf_2.ByteOccupancy = 27.88
out_buf_2.Utilization = 0.02

[ Network.net-l2-mm.Node.sw1 ]
Bandwidth = 72
SentBytes = 22549296
SentPackets = 601046
SendRate = 1.6785
ReceivedBytes = 22549296
ReceivedPackets = 601046
ReceiveRate = 1.6785
in_buf_0.size = 1152
in_buf_0.PacketOccupancy = 0.00
in_buf_0.ByteOccupancy = 24.26
in_buf_0.Utilization = 0.02
in_buf_1.size = 1152
in_buf_1.PacketOccupancy = 0.00
in_buf_1.ByteOccupancy = 36.12
in_buf_1.Utilization = 0.03
in_buf_2.size = 1152
in_buf_2.PacketOccupancy = 0.00
in_buf_2.ByteOccupancy = 37.05
in_buf_2.Utilization = 0.03
in_buf_3.size = 1152
in_buf_3.PacketOccupancy = 0.00
in_buf_3.ByteOccupancy = 57.99
in_buf_3.Utilization = 0.05
out_buf_0.size = 1152
out_buf_0.PacketOccupancy = 0.00
out_buf_0.ByteOccupancy = 47.31
out_buf_0.Utilization = 0.04
out_buf_1.size = 1152
out_buf_1.PacketOccupancy = 0.00
out_buf_1.ByteOccupancy = 40.99
out_buf_1.Utilization = 0.04
out_buf_2.size = 1152
out_buf_2.PacketOccupancy = 0.00
out_buf_2.ByteOccupancy = 39.52
out_buf_2.Utilization = 0.03
out_buf_3.size = 1152
out_buf_3.PacketOccupancy = 0.00
out_buf_3.ByteOccupancy = 27.90
out_buf_3.Utilization = 0.02

[ Network.net-l2-mm.Node.sw2 ]
Bandwidth = 72
SentBytes = 22907072
SentPackets = 611960
SendRate = 1.7051
ReceivedBytes = 22907072
ReceivedPackets = 611960
ReceiveRate = 1.7051
in_buf_0.size = 1152
in_buf_0.PacketOccupancy = 0.00
in_buf_0.ByteOccupancy = 24.00
in_buf_0.Utilization = 0.02
in_buf_1.size = 1152
in_buf_1.PacketOccupancy = 0.00
in_buf_1.ByteOccupancy = 39.52
in_buf_1.Utilization = 0.03
in_buf_2.size = 1152
in_buf_2.PacketOccupancy = 0.00
in_buf_2.ByteOccupancy = 34.71
in_buf_2.Utilization = 0.03
in_buf_3.size = 1152
in_buf_3.PacketOccupancy = 0.00
in_buf_3.ByteOccupancy = 58.15
in_buf_3.Utilization = 0.05
out_buf_0.size = 1152
out_buf_0.PacketOccupancy = 0.00
out_buf_0.ByteOccupancy = 49.75
out_buf_0.Utilization = 0.04
out_buf_1.size = 1152
out_buf_1.PacketOccupancy = 0.00
out_buf_1.ByteOccupancy = 37.05
out_buf_1.Utilization = 0.03
out_buf_2.size = 1152
out_buf_2.PacketOccupancy = 0.00
out_buf_2.ByteOccupancy = 42.42
out_buf_2.Utilization = 0.04
out_buf_3.size = 1152
out_buf_3.PacketOccupancy = 0.00
out_buf_3.ByteOccupancy = 27.83
out_buf_3.Utilization = 0.02

[ Network.net-l2-mm.Node.sw3 ]
Bandwidth = 72
SentBytes = 15437552
SentPackets = 413414
SendRate = 1.1491
ReceivedBytes = 15437552
ReceivedPackets = 413414
ReceiveRate = 1.1491
in_buf_0.size = 1152
in_buf_0.PacketOccupancy = 0.00
in_buf_0.ByteOccupancy = 21.52
in_buf_0.Utilization = 0.02
in_buf_1.size = 1152
in_buf_1.PacketOccupancy = 0.00
in_buf_1.ByteOccupancy = 42.42
in_buf_1.Utilization = 0.04
in_buf_2.size = 1152
in_buf_2.PacketOccupancy = 0.00
in_buf_2.ByteOccupancy = 58.04
in_buf_2.Utilization = 0.05
out_buf_0.size = 1152
out_buf_0.PacketOccupancy = 0.00
out_buf_0.ByteOccupancy = 52.42
out_buf_0.Utilization = 0.05
out_buf_1.size = 1152
out_buf_1.PacketOccupancy = 0.00
out_buf_1.ByteOccupancy = 34.71
out_buf_1.Utilization = 0.03
out_buf_2.size = 1152
out_buf_2.PacketOccupancy = 0.00
out_buf_2.ByteOccupancy = 27.78
out_buf_2.Utilization = 0.02

[ Network.net-l2-mm.Node.sw4 ]
Bandwidth = 72
SentBytes = 8427888
SentPackets = 225110
SendRate = 0.6273
ReceivedBytes = 8427888
ReceivedPackets = 225110
ReceiveRate = 0.6273
in_buf_0.size = 1152
in_buf_0.PacketOccupancy = 0.00
in_buf_0.ByteOccupancy = 0.00
in_buf_0.Utilization = 0.00
in_buf_1.size = 1152
in_buf_1.PacketOccupancy = 0.00
in_buf_1.ByteOccupancy = 27.88
in_buf_1.Utilization = 0.02
in_buf_2.size = 1152
in_buf_2.PacketOccupancy = 0.00
in_buf_2.ByteOccupancy = 0.00
in_buf_2.Utilization = 0.00
in_buf_3.size = 1152
in_buf_3.PacketOccupancy = 0.00
in_buf_3.ByteOccupancy = 57.77
in_buf_3.Utilization = 0.05
out_buf_0.size = 1152
out_buf_0.PacketOccupancy = 0.00
out_buf_0.ByteOccupancy = 0.00
out_buf_0.Utilization = 0.00
out_buf_1.size = 1152
out_buf_1.PacketOccupancy = 0.00
out_buf_1.ByteOccupancy = 57.77
out_buf_1.Utilization = 0.05
out_buf_2.size = 1152
out_buf_2.PacketOccupancy = 0.00
out_buf_2.ByteOccupancy = 0.00
out_buf_2.Utilization = 0.00
out_buf_3.size = 1152
out_buf_3.PacketOccupancy = 0.00
out_buf_3.ByteOccupancy = 27.88
out_buf_3.Utilization = 0.02

[ Network.net-l2-mm.Node.sw5 ]
Bandwidth = 72
SentBytes = 8357440
SentPackets = 223056
SendRate = 0.6221
ReceivedBytes = 8357440
ReceivedPackets = 223056
ReceiveRate = 0.6221
in_buf_0.size = 1152
in_buf_0.PacketOccupancy = 0.00
in_buf_0.ByteOccupancy = 0.00
in_buf_0.Utilization = 0.00
in_buf_1.size = 1152
in_buf_1.PacketOccupancy = 0.00
in_buf_1.ByteOccupancy = 27.90
in_buf_1.Utilization = 0.02
in_buf_2.size = 1152
in_buf_2.PacketOccupancy = 0.00
in_buf_2.ByteOccupancy = 0.00
in_buf_2.Utilization = 0.00
in_buf_3.size = 1152
in_buf_3.PacketOccupancy = 0.00
in_buf_3.ByteOccupancy = 0.00
in_buf_3.Utilization = 0.00
in_buf_4.size = 1152
in_buf_4.PacketOccupancy = 0.00
in_buf_4.ByteOccupancy = 57.99
in_buf_4.Utilization = 0.05
out_buf_0.size = 1152
out_buf_0.PacketOccupancy = 0.00
out_buf_0.ByteOccupancy = 0.00
out_buf_0.Utilization = 0.00
out_buf_1.size = 1152
out_buf_1.PacketOccupancy = 0.00
out_buf_1.ByteOccupancy = 57.99
out_buf_1.Utilization = 0.05
out_buf_2.size = 1152
out_buf_2.PacketOccupancy = 0.00
out_buf_2.ByteOccupancy = 0.00
out_buf_2.Utilization = 0.00
out_buf_3.size = 1152
out_buf_3.PacketOccupancy = 0.00
out_buf_3.ByteOccupancy = 0.00
out_buf_3.Utilization = 0.00
out_buf_4.size = 1152
out_buf_4.PacketOccupancy = 0.00
out_buf_4.ByteOccupancy = 27.90
out_buf_4.Utilization = 0.02

[ Network.net-l2-mm.Node.sw6 ]
Bandwidth = 72
SentBytes = 8325456
SentPackets = 222162
SendRate = 0.6197
ReceivedBytes = 8325456
ReceivedPackets = 222162
ReceiveRate = 0.6197
in_buf_0.size = 1152
in_buf_0.PacketOccupancy = 0.00
in_buf_0.ByteOccupancy = 0.00
in_buf_0.Utilization = 0.00
in_buf_1.size = 1152
in_buf_1.PacketOccupancy = 0.00
in_buf_1.ByteOccupancy = 27.83
in_buf_1.Utilization = 0.02
in_buf_2.size = 1152
in_buf_2.PacketOccupancy = 0.00
in_buf_2.ByteOccupancy = 0.00
in_buf_2.Utilization = 0.00
in_buf_3.size = 1152
in_buf_3.PacketOccupancy = 0.00
in_buf_3.ByteOccupancy = 0.00
in_buf_3.Utilization = 0.00
in_buf_4.size = 1152
in_buf_4.PacketOccupancy = 0.00
in_buf_4.ByteOccupancy = 58.15
in_buf_4.Utilization = 0.05
out_buf_0.size = 1152
out_buf_0.PacketOccupancy = 0.00
out_buf_0.ByteOccupancy = 0.00
out_buf_0.Utilization = 0.00
out_buf_1.size = 1152
out_buf_1.PacketOccupancy = 0.00
out_buf_1.ByteOccupancy = 58.15
out_buf_1.Utilization = 0.05
out_buf_2.size = 1152
out_buf_2.PacketOccupancy = 0.00
out_buf_2.ByteOccupancy = 0.00
out_buf_2.Utilization = 0.00
out_buf_3.size = 1152
out_buf_3.PacketOccupancy = 0.00
out_buf_3.ByteOccupancy = 0.00
out_buf_3.Utilization = 0.00
out_buf_4.size = 1152
out_buf_4.PacketOccupancy = 0.00
out_buf_4.ByteOccupancy = 27.83
out_buf_4.Utilization = 0.02

[ Network.net-l2-mm.Node.sw7 ]
Bandwidth = 72
SentBytes = 8274656
SentPackets = 220700
SendRate = 0.6159
ReceivedBytes = 8274656
ReceivedPackets = 220700
ReceiveRate = 0.6159
in_buf_0.size = 1152
in_buf_0.PacketOccupancy = 0.00
in_buf_0.ByteOccupancy = 0.00
in_buf_0.Utilization = 0.00
in_buf_1.size = 1152
in_buf_1.PacketOccupancy = 0.00
in_buf_1.ByteOccupancy = 27.78
in_buf_1.Utilization = 0.02
in_buf_2.size = 1152
in_buf_2.PacketOccupancy = 0.00
in_buf_2.ByteOccupancy = 0.00
in_buf_2.Utilization = 0.00
in_buf_3.size = 1152
in_buf_3.PacketOccupancy = 0.00
in_buf_3.ByteOccupancy = 58.04
in_buf_3.Utilization = 0.05
out_buf_0.size = 1152
out_buf_0.PacketOccupancy = 0.00
out_buf_0.ByteOccupancy = 0.00
out_buf_0.Utilization = 0.00
out_buf_1.size = 1152
out_buf_1.PacketOccupancy = 0.00
out_buf_1.ByteOccupancy = 58.04
out_buf_1.Utilization = 0.05
out_buf_2.size = 1152
out_buf_2.PacketOccupancy = 0.00
out_buf_2.ByteOccupancy = 0.00
out_buf_2.Utilization = 0.00
out_buf_3.size = 1152
out_buf_3.PacketOccupancy = 0.00
out_buf_3.ByteOccupancy = 27.78
out_buf_3.Utilization = 0.02

[ Network.net-l2-mm.Node.sw8 ]
Bandwidth = 72
SentBytes = 8427888
SentPackets = 225110
SendRate = 0.6273
ReceivedBytes = 8427888
ReceivedPackets = 225110
ReceiveRate = 0.6273
in_buf_0.size = 1152
in_buf_0.PacketOccupancy = 0.00
in_buf_0.ByteOccupancy = 0.00
in_buf_0.Utilization = 0.00
in_buf_1.size = 1152
in_buf_1.PacketOccupancy = 0.00
in_buf_1.ByteOccupancy = 27.88
in_buf_1.Utilization = 0.02
in_buf_2.size = 1152
in_buf_2.PacketOccupancy = 0.00
in_buf_2.ByteOccupancy = 0.00
in_buf_2.Utilization = 0.00
in_buf_3.size = 1152
in_buf_3.PacketOccupancy = 0.00
in_buf_3.ByteOccupancy = 57.77
in_buf_3.Utilization = 0.05
out_buf_0.size = 1152
out_buf_0.PacketOccupancy = 0.00
out_buf_0.ByteOccupancy = 0.00
out_buf_0.Utilization = 0.00
out_buf_1.size = 1152
out_buf_1.PacketOccupancy = 0.00
out_buf_1.ByteOccupancy = 57.77
out_buf_1.Utilization = 0.05
out_buf_2.size = 1152
out_buf_2.PacketOccupancy = 0.00
out_buf_2.ByteOccupancy = 0.00
out_buf_2.Utilization = 0.00
out_buf_3.size = 1152
out_buf_3.PacketOccupancy = 0.00
out_buf_3.ByteOccupancy = 27.88
out_buf_3.Utilization = 0.02

[ Network.net-l2-mm.Node.sw9 ]
Bandwidth = 72
SentBytes = 8357440
SentPackets = 223056
SendRate = 0.6221
ReceivedBytes = 8357440
ReceivedPackets = 223056
ReceiveRate = 0.6221
in_buf_0.size = 1152
in_buf_0.PacketOccupancy = 0.00
in_buf_0.ByteOccupancy = 0.00
in_buf_0.Utilization = 0.00
in_buf_1.size = 1152
in_buf_1.PacketOccupancy = 0.00
in_buf_1.ByteOccupancy = 27.90
in_buf_1.Utilization = 0.02
in_buf_2.size = 1152
in_buf_2.PacketOccupancy = 0.00
in_buf_2.ByteOccupancy = 0.00
in_buf_2.Utilization = 0.00
in_buf_3.size = 1152
in_buf_3.PacketOccupancy = 0.00
in_buf_3.ByteOccupancy = 0.00
in_buf_3.Utilization = 0.00
in_buf_4.size = 1152
in_buf_4.PacketOccupancy = 0.00
in_buf_4.ByteOccupancy = 57.99
in_buf_4.Utilization = 0.05
out_buf_0.size = 1152
out_buf_0.PacketOccupancy = 0.00
out_buf_0.ByteOccupancy = 0.00
out_buf_0.Utilization = 0.00
out_buf_1.size = 1152
out_buf_1.PacketOccupancy = 0.00
out_buf_1.ByteOccupancy = 57.99
out_buf_1.Utilization = 0.05
out_buf_2.size = 1152
out_buf_2.PacketOccupancy = 0.00
out_buf_2.ByteOccupancy = 0.00
out_buf_2.Utilization = 0.00
out_buf_3.size = 1152
out_buf_3.PacketOccupancy = 0.00
out_buf_3.ByteOccupancy = 0.00
out_buf_3.Utilization = 0.00
out_buf_4.size = 1152
out_buf_4.PacketOccupancy = 0.00
out_buf_4.ByteOccupancy = 27.90
out_buf_4.Utilization = 0.02

[ Network.net-l2-mm.Node.sw10 ]
Bandwidth = 72
SentBytes = 8325456
SentPackets = 222162
SendRate = 0.6197
ReceivedBytes = 8325456
ReceivedPackets = 222162
ReceiveRate = 0.6197
in_buf_0.size = 1152
in_buf_0.PacketOccupancy = 0.00
in_buf_0.ByteOccupancy = 0.00
in_buf_0.Utilization = 0.00
in_buf_1.size = 1152
in_buf_1.PacketOccupancy = 0.00
in_buf_1.ByteOccupancy = 27.83
in_buf_1.Utilization = 0.02
in_buf_2.size = 1152
in_buf_2.PacketOccupancy = 0.00
in_buf_2.ByteOccupancy = 0.00
in_buf_2.Utilization = 0.00
in_buf_3.size = 1152
in_buf_3.PacketOccupancy = 0.00
in_buf_3.ByteOccupancy = 0.00
in_buf_3.Utilization = 0.00
in_buf_4.size = 1152
in_buf_4.PacketOccupancy = 0.00
in_buf_4.ByteOccupancy = 58.15
in_buf_4.Utilization = 0.05
out_buf_0.size = 1152
out_buf_0.PacketOccupancy = 0.00
out_buf_0.ByteOccupancy = 0.00
out_buf_0.Utilization = 0.00
out_buf_1.size = 1152
out_buf_1.PacketOccupancy = 0.00
out_buf_1.ByteOccupancy = 58.15
out_buf_1.Utilization = 0.05
out_buf_2.size = 1152
out_buf_2.PacketOccupancy = 0.00
out_buf_2.ByteOccupancy = 0.00
out_buf_2.Utilization = 0.00
out_buf_3.size = 1152
out_buf_3.PacketOccupancy = 0.00
out_buf_3.ByteOccupancy = 0.00
out_buf_3.Utilization = 0.00
out_buf_4.size = 1152
out_buf_4.PacketOccupancy = 0.00
out_buf_4.ByteOccupancy = 27.83
out_buf_4.Utilization = 0.02

[ Network.net-l2-mm.Node.sw11 ]
Bandwidth = 72
SentBytes = 8274656
SentPackets = 220700
SendRate = 0.6159
ReceivedBytes = 8274656
ReceivedPackets = 220700
ReceiveRate = 0.6159
in_buf_0.size = 1152
in_buf_0.PacketOccupancy = 0.00
in_buf_0.ByteOccupancy = 0.00
in_buf_0.Utilization = 0.00
in_buf_1.size = 1152
in_buf_1.PacketOccupancy = 0.00
in_buf_1.ByteOccupancy = 27.78
in_buf_1.Utilization = 0.02
in_buf_2.size = 1152
in_buf_2.PacketOccupancy = 0.00
in_buf_2.ByteOccupancy = 0.00
in_buf_2.Utilization = 0.00
in_buf_3.size = 1152
in_buf_3.PacketOccupancy = 0.00
in_buf_3.ByteOccupancy = 58.04
in_buf_3.Utilization = 0.05
out_buf_0.size = 1152
out_buf_0.PacketOccupancy = 0.00
out_buf_0.ByteOccupancy = 0.00
out_buf_0.Utilization = 0.00
out_buf_1.size = 1152
out_buf_1.PacketOccupancy = 0.00
out_buf_1.ByteOccupancy = 58.04
out_buf_1.Utilization = 0.05
out_buf_2.size = 1152
out_buf_2.PacketOccupancy = 0.00
out_buf_2.ByteOccupancy = 0.00
out_buf_2.Utilization = 0.00
out_buf_3.size = 1152
out_buf_3.PacketOccupancy = 0.00
out_buf_3.ByteOccupancy = 27.78
out_buf_3.Utilization = 0.02

[ Network.net-l2-mm.Node.sw12 ]
Bandwidth = 72
SentBytes = 8427888
SentPackets = 225110
SendRate = 0.6273
ReceivedBytes = 8427888
ReceivedPackets = 225110
ReceiveRate = 0.6273
in_buf_0.size = 1152
in_buf_0.PacketOccupancy = 0.00
in_buf_0.ByteOccupancy = 57.77
in_buf_0.Utilization = 0.05
in_buf_1.size = 1152
in_buf_1.PacketOccupancy = 0.00
in_buf_1.ByteOccupancy = 27.88
in_buf_1.Utilization = 0.02
in_buf_2.size = 1152
in_buf_2.PacketOccupancy = 0.00
in_buf_2.ByteOccupancy = 0.00
in_buf_2.Utilization = 0.00
out_buf_0.size = 1152
out_buf_0.PacketOccupancy = 0.00
out_buf_0.ByteOccupancy = 27.88
out_buf_0.Utilization = 0.02
out_buf_1.size = 1152
out_buf_1.PacketOccupancy = 0.00
out_buf_1.ByteOccupancy = 57.77
out_buf_1.Utilization = 0.05
out_buf_2.size = 1152
out_buf_2.PacketOccupancy = 0.00
out_buf_2.ByteOccupancy = 0.00
out_buf_2.Utilization = 0.00

[ Network.net-l2-mm.Node.sw13 ]
Bandwidth = 72
SentBytes = 8357440
SentPackets = 223056
SendRate = 0.6221
ReceivedBytes = 8357440
ReceivedPackets = 223056
ReceiveRate = 0.6221
in_buf_0.size = 1152
in_buf_0.PacketOccupancy = 0.00
in_buf_0.ByteOccupancy = 57.99
in_buf_0.Utilization = 0.05
in_buf_1.size = 1152
in_buf_1.PacketOccupancy = 0.00
in_buf_1.ByteOccupancy = 27.90
in_buf_1.Utilization = 0.02
in_buf_2.size = 1152
in_buf_2.PacketOccupancy = 0.00
in_buf_2.ByteOccupancy = 0.00
in_buf_2.Utilization = 0.00
in_buf_3.size = 1152
in_buf_3.PacketOccupancy = 0.00
in_buf_3.ByteOccupancy = 0.00
in_buf_3.Utilization = 0.00
out_buf_0.size = 1152
out_buf_0.PacketOccupancy = 0.00
out_buf_0.ByteOccupancy = 27.90
out_buf_0.Utilization = 0.02
out_buf_1.size = 1152
out_buf_1.PacketOccupancy = 0.00
out_buf_1.ByteOccupancy = 57.99
out_buf_1.Utilization = 0.05
out_buf_2.size = 1152
out_buf_2.PacketOccupancy = 0.00
out_buf_2.ByteOccupancy = 0.00
out_buf_2.Utilization = 0.00
out_buf_3.size = 1152
out_buf_3.PacketOccupancy = 0.00
out_buf_3.ByteOccupancy = 0.00
out_buf_3.Utilization = 0.00

[ Network.net-l2-mm.Node.sw14 ]
Bandwidth = 72
SentBytes = 8325456
SentPackets = 222162
SendRate = 0.6197
ReceivedBytes = 8325456
ReceivedPackets = 222162
ReceiveRate = 0.6197
in_buf_0.size = 1152
in_buf_0.PacketOccupancy = 0.00
in_buf_0.ByteOccupancy = 58.15
in_buf_0.Utilization = 0.05
in_buf_1.size = 1152
in_buf_1.PacketOccupancy = 0.00
in_buf_1.ByteOccupancy = 27.83
in_buf_1.Utilization = 0.02
in_buf_2.size = 1152
in_buf_2.PacketOccupancy = 0.00
in_buf_2.ByteOccupancy = 0.00
in_buf_2.Utilization = 0.00
in_buf_3.size = 1152
in_buf_3.PacketOccupancy = 0.00
in_buf_3.ByteOccupancy = 0.00
in_buf_3.Utilization = 0.00
out_buf_0.size = 1152
out_buf_0.PacketOccupancy = 0.00
out_buf_0.ByteOccupancy = 27.83
out_buf_0.Utilization = 0.02
out_buf_1.size = 1152
out_buf_1.PacketOccupancy = 0.00
out_buf_1.ByteOccupancy = 58.15
out_buf_1.Utilization = 0.05
out_buf_2.size = 1152
out_buf_2.PacketOccupancy = 0.00
out_buf_2.ByteOccupancy = 0.00
out_buf_2.Utilization = 0.00
out_buf_3.size = 1152
out_buf_3.PacketOccupancy = 0.00
out_buf_3.ByteOccupancy = 0.00
out_buf_3.Utilization = 0.00

[ Network.net-l2-mm.Node.sw15 ]
Bandwidth = 72
SentBytes = 8274656
SentPackets = 220700
SendRate = 0.6159
ReceivedBytes = 8274656
ReceivedPackets = 220700
ReceiveRate = 0.6159
in_buf_0.size = 1152
in_buf_0.PacketOccupancy = 0.00
in_buf_0.ByteOccupancy = 58.04
in_buf_0.Utilization = 0.05
in_buf_1.size = 1152
in_buf_1.PacketOccupancy = 0.00
in_buf_1.ByteOccupancy = 27.78
in_buf_1.Utilization = 0.02
in_buf_2.size = 1152
in_buf_2.PacketOccupancy = 0.00
in_buf_2.ByteOccupancy = 0.00
in_buf_2.Utilization = 0.00
out_buf_0.size = 1152
out_buf_0.PacketOccupancy = 0.00
out_buf_0.ByteOccupancy = 27.78
out_buf_0.Utilization = 0.02
out_buf_1.size = 1152
out_buf_1.PacketOccupancy = 0.00
out_buf_1.ByteOccupancy = 58.04
out_buf_1.Utilization = 0.05
out_buf_2.size = 1152
out_buf_2.PacketOccupancy = 0.00
out_buf_2.ByteOccupancy = 0.00
out_buf_2.Utilization = 0.00

[ Network.net-l2-mm.Node.n0 ]
SentBytes = 3746528
SentPackets = 121660
SendRate = 0.2789
ReceivedBytes = 5428576
ReceivedPackets = 121660
ReceiveRate = 0.4041
in_buf_0.size = 1152
in_buf_0.PacketOccupancy = 0.02
in_buf_0.ByteOccupancy = 51.60
in_buf_0.Utilization = 0.04
out_buf_0.size = 1152
out_buf_0.PacketOccupancy = 0.00
out_buf_0.ByteOccupancy = 22.38
out_buf_0.Utilization = 0.02

[ Network.net-l2-mm.Node.n1 ]
SentBytes = 2812312
SentPackets = 93059
SendRate = 0.2093
ReceivedBytes = 4192024
ReceivedPackets = 93059
ReceiveRate = 0.3120
in_buf_0.size = 1152
in_buf_0.PacketOccupancy = 0.01
in_buf_0.ByteOccupancy = 47.76
in_buf_0.Utilization = 0.04
out_buf_0.size = 1152
out_buf_0.PacketOccupancy = 0.00
out_buf_0.ByteOccupancy = 24.26
out_buf_0.Utilization = 0.02

[ Network.net-l2-mm.Node.n2 ]
SentBytes = 3069648
SentPackets = 102738
SendRate = 0.2285
ReceivedBytes = 4617616
ReceivedPackets = 102738
ReceiveRate = 0.3437
in_buf_0.size = 1152
in_buf_0.PacketOccupancy = 0.01
in_buf_0.ByteOccupancy = 50.33
in_buf_0.Utilization = 0.04
out_buf_0.size = 1152
out_buf_0.PacketOccupancy = 0.00
out_buf_0.ByteOccupancy = 24.00
out_buf_0.Utilization = 0.02

[ Network.net-l2-mm.Node.n3 ]
SentBytes = 3872776
SentPackets = 128057
SendRate = 0.2883
ReceivedBytes = 5645960
ReceivedPackets = 128057
ReceiveRate = 0.4203
in_buf_0.size = 1152
in_buf_0.PacketOccupancy = 0.01
in_buf_0.ByteOccupancy = 52.97
in_buf_0.Utilization = 0.05
out_buf_0.size = 1152
out_buf_0.PacketOccupancy = 0.00
out_buf_0.ByteOccupancy = 21.52
out_buf_0.Utilization = 0.02

[ Network.net-l2-mm.Node.n4 ]
SentBytes = 0
SentPackets = 0
SendRate = 0.0000
ReceivedBytes = 0
ReceivedPackets = 0
ReceiveRate = 0.0000
in_buf_0.size = 1152
in_buf_0.PacketOccupancy = 0.00
in_buf_0.ByteOccupancy = 0.00
in_buf_0.Utilization = 0.00
out_buf_0.size = 1152
out_buf_0.PacketOccupancy = 0.00
out_buf_0.ByteOccupancy = 0.00
out_buf_0.Utilization = 0.00

[ Network.net-l2-mm.Node.n5 ]
SentBytes = 0
SentPackets = 0
SendRate = 0.0000
ReceivedBytes = 0
ReceivedPackets = 0
ReceiveRate = 0.0000
in_buf_0.size = 1152
in_buf_0.PacketOccupancy = 0.00
in_buf_0.ByteOccupancy = 0.00
in_buf_0.Utilization = 0.00
out_buf_0.size = 1152
out_buf_0.PacketOccupancy = 0.00
out_buf_0.ByteOccupancy = 0.00
out_buf_0.Utilization = 0.00

[ Network.net-l2-mm.Node.n6 ]
SentBytes = 0
SentPackets = 0
SendRate = 0.0000
ReceivedBytes = 0
ReceivedPackets = 0
ReceiveRate = 0.0000
in_buf_0.size = 1152
in_buf_0.PacketOccupancy = 0.00
in_buf_0.ByteOccupancy = 0.00
in_buf_0.Utilization = 0.00
out_buf_0.size = 1152
out_buf_0.PacketOccupancy = 0.00
out_buf_0.ByteOccupancy = 0.00
out_buf_0.Utilization = 0.00

[ Network.net-l2-mm.Node.n7 ]
SentBytes = 0
SentPackets = 0
SendRate = 0.0000
ReceivedBytes = 0
ReceivedPackets = 0
ReceiveRate = 0.0000
in_buf_0.size = 1152
in_buf_0.PacketOccupancy = 0.00
in_buf_0.ByteOccupancy = 0.00
in_buf_0.Utilization = 0.00
out_buf_0.size = 1152
out_buf_0.PacketOccupancy = 0.00
out_buf_0.ByteOccupancy = 0.00
out_buf_0.Utilization = 0.00

[ Network.net-l2-mm.Node.n8 ]
SentBytes = 0
SentPackets = 0
SendRate = 0.0000
ReceivedBytes = 0
ReceivedPackets = 0
ReceiveRate = 0.0000
in_buf_0.size = 1152
in_buf_0.PacketOccupancy = 0.00
in_buf_0.ByteOccupancy = 0.00
in_buf_0.Utilization = 0.00
out_buf_0.size = 1152
out_buf_0.PacketOccupancy = 0.00
out_buf_0.ByteOccupancy = 0.00
out_buf_0.Utilization = 0.00

[ Network.net-l2-mm.Node.n9 ]
SentBytes = 0
SentPackets = 0
SendRate = 0.0000
ReceivedBytes = 0
ReceivedPackets = 0
ReceiveRate = 0.0000
in_buf_0.size = 1152
in_buf_0.PacketOccupancy = 0.00
in_buf_0.ByteOccupancy = 0.00
in_buf_0.Utilization = 0.00
out_buf_0.size = 1152
out_buf_0.PacketOccupancy = 0.00
out_buf_0.ByteOccupancy = 0.00
out_buf_0.Utilization = 0.00

[ Network.net-l2-mm.Node.n10 ]
SentBytes = 0
SentPackets = 0
SendRate = 0.0000
ReceivedBytes = 0
ReceivedPackets = 0
ReceiveRate = 0.0000
in_buf_0.size = 1152
in_buf_0.PacketOccupancy = 0.00
in_buf_0.ByteOccupancy = 0.00
in_buf_0.Utilization = 0.00
out_buf_0.size = 1152
out_buf_0.PacketOccupancy = 0.00
out_buf_0.ByteOccupancy = 0.00
out_buf_0.Utilization = 0.00

[ Network.net-l2-mm.Node.n11 ]
SentBytes = 0
SentPackets = 0
SendRate = 0.0000
ReceivedBytes = 0
ReceivedPackets = 0
ReceiveRate = 0.0000
in_buf_0.size = 1152
in_buf_0.PacketOccupancy = 0.00
in_buf_0.ByteOccupancy = 0.00
in_buf_0.Utilization = 0.00
out_buf_0.size = 1152
out_buf_0.PacketOccupancy = 0.00
out_buf_0.ByteOccupancy = 0.00
out_buf_0.Utilization = 0.00

[ Network.net-l2-mm.Node.n12 ]
SentBytes = 5021720
SentPackets = 112555
SendRate = 0.3738
ReceivedBytes = 3406168
ReceivedPackets = 112555
ReceiveRate = 0.2535
in_buf_0.size = 1152
in_buf_0.PacketOccupancy = 0.01
in_buf_0.ByteOccupancy = 28.42
in_buf_0.Utilization = 0.02
out_buf_0.size = 1152
out_buf_0.PacketOccupancy = 0.00
out_buf_0.ByteOccupancy = 57.77
out_buf_0.Utilization = 0.05

[ Network.net-l2-mm.Node.n13 ]
SentBytes = 4974016
SentPackets = 111528
SendRate = 0.3702
ReceivedBytes = 3383424
ReceivedPackets = 111528
ReceiveRate = 0.2518
in_buf_0.size = 1152
in_buf_0.PacketOccupancy = 0.01
in_buf_0.ByteOccupancy = 28.50
in_buf_0.Utilization = 0.02
out_buf_0.size = 1152
out_buf_0.PacketOccupancy = 0.00
out_buf_0.ByteOccupancy = 57.99
out_buf_0.Utilization = 0.05

[ Network.net-l2-mm.Node.n14 ]
SentBytes = 4957448
SentPackets = 111081
SendRate = 0.3690
ReceivedBytes = 3368008
ReceivedPackets = 111081
ReceiveRate = 0.2507
in_buf_0.size = 1152
in_buf_0.PacketOccupancy = 0.01
in_buf_0.ByteOccupancy = 28.39
in_buf_0.Utilization = 0.02
out_buf_0.size = 1152
out_buf_0.PacketOccupancy = 0.00
out_buf_0.ByteOccupancy = 58.15
out_buf_0.Utilization = 0.05

[ Network.net-l2-mm.Node.n15 ]
SentBytes = 4930992
SentPackets = 110350
SendRate = 0.3670
ReceivedBytes = 3343664
ReceivedPackets = 110350
ReceiveRate = 0.2489
in_buf_0.size = 1152
in_buf_0.PacketOccupancy = 0.01
in_buf_0.ByteOccupancy = 28.29
in_buf_0.Utilization = 0.02
out_buf_0.size = 1152
out_buf_0.PacketOccupancy = 0.00
out_buf_0.ByteOccupancy = 58.04
out_buf_0.Utilization = 0.05


